{"C:\\Users\\yejin\\Downloads\\cryo\\chalk-app\\App.tsx": {"path":"C:\\Users\\yejin\\Downloads\\cryo\\chalk-app\\App.tsx","statementMap":{"0":{"start":{"line":5,"column":2},"end":{"line":10,"column":4}},"1":{"start":{"line":13,"column":15},"end":{"line":20,"column":2}}},"fnMap":{"0":{"name":"App","decl":{"start":{"line":4,"column":24},"end":{"line":4,"column":27}},"loc":{"start":{"line":4,"column":30},"end":{"line":11,"column":1}},"line":4}},"branchMap":{},"s":{"0":0,"1":0},"f":{"0":0},"b":{}}
,"C:\\Users\\yejin\\Downloads\\cryo\\chalk-app\\expo-env.d.ts": {"path":"C:\\Users\\yejin\\Downloads\\cryo\\chalk-app\\expo-env.d.ts","statementMap":{},"fnMap":{},"branchMap":{},"s":{},"f":{},"b":{}}
,"C:\\Users\\yejin\\Downloads\\cryo\\chalk-app\\index.ts": {"path":"C:\\Users\\yejin\\Downloads\\cryo\\chalk-app\\index.ts","statementMap":{"0":{"start":{"line":8,"column":0},"end":{"line":8,"column":27}}},"fnMap":{},"branchMap":{},"s":{"0":0},"f":{},"b":{}}
,"C:\\Users\\yejin\\Downloads\\cryo\\chalk-app\\.expo\\types\\router.d.ts": {"path":"C:\\Users\\yejin\\Downloads\\cryo\\chalk-app\\.expo\\types\\router.d.ts","statementMap":{},"fnMap":{},"branchMap":{},"s":{},"f":{},"b":{}}
,"C:\\Users\\yejin\\Downloads\\cryo\\chalk-app\\app\\_layout.tsx": {"path":"C:\\Users\\yejin\\Downloads\\cryo\\chalk-app\\app\\_layout.tsx","statementMap":{"0":{"start":{"line":7,"column":4},"end":{"line":18,"column":6}}},"fnMap":{"0":{"name":"RootLayout","decl":{"start":{"line":6,"column":24},"end":{"line":6,"column":34}},"loc":{"start":{"line":6,"column":37},"end":{"line":19,"column":1}},"line":6}},"branchMap":{},"s":{"0":0},"f":{"0":0},"b":{}}
,"C:\\Users\\yejin\\Downloads\\cryo\\chalk-app\\app\\index.tsx": {"path":"C:\\Users\\yejin\\Downloads\\cryo\\chalk-app\\app\\index.tsx","statementMap":{"0":{"start":{"line":21,"column":4},"end":{"line":21,"column":50}},"1":{"start":{"line":21,"column":21},"end":{"line":21,"column":50}},"2":{"start":{"line":22,"column":4},"end":{"line":22,"column":50}},"3":{"start":{"line":22,"column":21},"end":{"line":22,"column":50}},"4":{"start":{"line":23,"column":4},"end":{"line":23,"column":50}},"5":{"start":{"line":23,"column":21},"end":{"line":23,"column":50}},"6":{"start":{"line":24,"column":4},"end":{"line":24,"column":48}},"7":{"start":{"line":24,"column":21},"end":{"line":24,"column":48}},"8":{"start":{"line":25,"column":4},"end":{"line":25,"column":29}},"9":{"start":{"line":35,"column":8},"end":{"line":35,"column":18}},"10":{"start":{"line":37,"column":40},"end":{"line":37,"column":55}},"11":{"start":{"line":39,"column":4},"end":{"line":42,"column":11}},"12":{"start":{"line":40,"column":8},"end":{"line":40,"column":24}},"13":{"start":{"line":41,"column":8},"end":{"line":41,"column":24}},"14":{"start":{"line":44,"column":22},"end":{"line":48,"column":10}},"15":{"start":{"line":45,"column":8},"end":{"line":45,"column":28}},"16":{"start":{"line":46,"column":8},"end":{"line":46,"column":62}},"17":{"start":{"line":47,"column":8},"end":{"line":47,"column":29}},"18":{"start":{"line":51,"column":26},"end":{"line":51,"column":47}},"19":{"start":{"line":52,"column":30},"end":{"line":52,"column":89}},"20":{"start":{"line":52,"column":52},"end":{"line":52,"column":76}},"21":{"start":{"line":53,"column":23},"end":{"line":53,"column":25}},"22":{"start":{"line":55,"column":4},"end":{"line":170,"column":6}},"23":{"start":{"line":81,"column":39},"end":{"line":81,"column":63}},"24":{"start":{"line":90,"column":35},"end":{"line":90,"column":60}},"25":{"start":{"line":120,"column":24},"end":{"line":142,"column":43}},"26":{"start":{"line":126,"column":43},"end":{"line":126,"column":81}},"27":{"start":{"line":149,"column":47},"end":{"line":149,"column":75}},"28":{"start":{"line":162,"column":35},"end":{"line":162,"column":59}},"29":{"start":{"line":173,"column":15},"end":{"line":393,"column":2}}},"fnMap":{"0":{"name":"getScoreColor","decl":{"start":{"line":20,"column":9},"end":{"line":20,"column":22}},"loc":{"start":{"line":20,"column":46},"end":{"line":26,"column":1}},"line":20},"1":{"name":"Dashboard","decl":{"start":{"line":28,"column":24},"end":{"line":28,"column":33}},"loc":{"start":{"line":28,"column":36},"end":{"line":171,"column":1}},"line":28},"2":{"name":"(anonymous_2)","decl":{"start":{"line":39,"column":14},"end":{"line":39,"column":15}},"loc":{"start":{"line":39,"column":20},"end":{"line":42,"column":5}},"line":39},"3":{"name":"(anonymous_3)","decl":{"start":{"line":44,"column":34},"end":{"line":44,"column":35}},"loc":{"start":{"line":44,"column":46},"end":{"line":48,"column":5}},"line":44},"4":{"name":"(anonymous_4)","decl":{"start":{"line":52,"column":47},"end":{"line":52,"column":48}},"loc":{"start":{"line":52,"column":52},"end":{"line":52,"column":76}},"line":52},"5":{"name":"(anonymous_5)","decl":{"start":{"line":81,"column":33},"end":{"line":81,"column":34}},"loc":{"start":{"line":81,"column":39},"end":{"line":81,"column":63}},"line":81},"6":{"name":"(anonymous_6)","decl":{"start":{"line":90,"column":29},"end":{"line":90,"column":30}},"loc":{"start":{"line":90,"column":35},"end":{"line":90,"column":60}},"line":90},"7":{"name":"(anonymous_7)","decl":{"start":{"line":119,"column":47},"end":{"line":119,"column":48}},"loc":{"start":{"line":120,"column":24},"end":{"line":142,"column":43}},"line":120},"8":{"name":"(anonymous_8)","decl":{"start":{"line":126,"column":37},"end":{"line":126,"column":38}},"loc":{"start":{"line":126,"column":43},"end":{"line":126,"column":81}},"line":126},"9":{"name":"(anonymous_9)","decl":{"start":{"line":149,"column":41},"end":{"line":149,"column":42}},"loc":{"start":{"line":149,"column":47},"end":{"line":149,"column":75}},"line":149},"10":{"name":"(anonymous_10)","decl":{"start":{"line":162,"column":29},"end":{"line":162,"column":30}},"loc":{"start":{"line":162,"column":35},"end":{"line":162,"column":59}},"line":162}},"branchMap":{"0":{"loc":{"start":{"line":21,"column":4},"end":{"line":21,"column":50}},"type":"if","locations":[{"start":{"line":21,"column":4},"end":{"line":21,"column":50}},{"start":{},"end":{}}],"line":21},"1":{"loc":{"start":{"line":22,"column":4},"end":{"line":22,"column":50}},"type":"if","locations":[{"start":{"line":22,"column":4},"end":{"line":22,"column":50}},{"start":{},"end":{}}],"line":22},"2":{"loc":{"start":{"line":23,"column":4},"end":{"line":23,"column":50}},"type":"if","locations":[{"start":{"line":23,"column":4},"end":{"line":23,"column":50}},{"start":{},"end":{}}],"line":23},"3":{"loc":{"start":{"line":24,"column":4},"end":{"line":24,"column":48}},"type":"if","locations":[{"start":{"line":24,"column":4},"end":{"line":24,"column":48}},{"start":{},"end":{}}],"line":24},"4":{"loc":{"start":{"line":51,"column":26},"end":{"line":51,"column":47}},"type":"binary-expr","locations":[{"start":{"line":51,"column":26},"end":{"line":51,"column":42}},{"start":{"line":51,"column":46},"end":{"line":51,"column":47}}],"line":51},"5":{"loc":{"start":{"line":52,"column":30},"end":{"line":52,"column":89}},"type":"binary-expr","locations":[{"start":{"line":52,"column":30},"end":{"line":52,"column":84}},{"start":{"line":52,"column":88},"end":{"line":52,"column":89}}],"line":52},"6":{"loc":{"start":{"line":124,"column":32},"end":{"line":124,"column":88}},"type":"binary-expr","locations":[{"start":{"line":124,"column":32},"end":{"line":124,"column":61}},{"start":{"line":124,"column":65},"end":{"line":124,"column":88}}],"line":124},"7":{"loc":{"start":{"line":144,"column":21},"end":{"line":156,"column":21}},"type":"binary-expr","locations":[{"start":{"line":144,"column":22},"end":{"line":144,"column":31}},{"start":{"line":144,"column":35},"end":{"line":144,"column":56}},{"start":{"line":145,"column":24},"end":{"line":155,"column":31}}],"line":144}},"s":{"0":0,"1":0,"2":0,"3":0,"4":0,"5":0,"6":0,"7":0,"8":0,"9":0,"10":0,"11":0,"12":0,"13":0,"14":0,"15":0,"16":0,"17":0,"18":0,"19":0,"20":0,"21":0,"22":0,"23":0,"24":0,"25":0,"26":0,"27":0,"28":0,"29":0},"f":{"0":0,"1":0,"2":0,"3":0,"4":0,"5":0,"6":0,"7":0,"8":0,"9":0,"10":0},"b":{"0":[0,0],"1":[0,0],"2":[0,0],"3":[0,0],"4":[0,0],"5":[0,0],"6":[0,0],"7":[0,0,0]}}
,"C:\\Users\\yejin\\Downloads\\cryo\\chalk-app\\app\\login.tsx": {"path":"C:\\Users\\yejin\\Downloads\\cryo\\chalk-app\\app\\login.tsx","statementMap":{"0":{"start":{"line":22,"column":0},"end":{"line":22,"column":38}},"1":{"start":{"line":25,"column":24},"end":{"line":25,"column":34}},"2":{"start":{"line":27,"column":45},"end":{"line":31,"column":6}},"3":{"start":{"line":33,"column":4},"end":{"line":38,"column":19}},"4":{"start":{"line":34,"column":8},"end":{"line":37,"column":9}},"5":{"start":{"line":35,"column":33},"end":{"line":35,"column":48}},"6":{"start":{"line":36,"column":12},"end":{"line":36,"column":40}},"7":{"start":{"line":40,"column":30},"end":{"line":56,"column":5}},"8":{"start":{"line":41,"column":8},"end":{"line":55,"column":9}},"9":{"start":{"line":42,"column":36},"end":{"line":45,"column":14}},"10":{"start":{"line":47,"column":12},"end":{"line":47,"column":35}},"11":{"start":{"line":47,"column":23},"end":{"line":47,"column":35}},"12":{"start":{"line":49,"column":12},"end":{"line":52,"column":13}},"13":{"start":{"line":50,"column":16},"end":{"line":50,"column":35}},"14":{"start":{"line":51,"column":16},"end":{"line":51,"column":36}},"15":{"start":{"line":54,"column":12},"end":{"line":54,"column":49}},"16":{"start":{"line":58,"column":28},"end":{"line":61,"column":5}},"17":{"start":{"line":60,"column":8},"end":{"line":60,"column":28}},"18":{"start":{"line":63,"column":4},"end":{"line":117,"column":6}},"19":{"start":{"line":84,"column":39},"end":{"line":84,"column":52}},"20":{"start":{"line":120,"column":15},"end":{"line":232,"column":2}}},"fnMap":{"0":{"name":"LoginScreen","decl":{"start":{"line":24,"column":24},"end":{"line":24,"column":35}},"loc":{"start":{"line":24,"column":38},"end":{"line":118,"column":1}},"line":24},"1":{"name":"(anonymous_1)","decl":{"start":{"line":33,"column":14},"end":{"line":33,"column":15}},"loc":{"start":{"line":33,"column":20},"end":{"line":38,"column":5}},"line":33},"2":{"name":"(anonymous_2)","decl":{"start":{"line":40,"column":30},"end":{"line":40,"column":31}},"loc":{"start":{"line":40,"column":57},"end":{"line":56,"column":5}},"line":40},"3":{"name":"(anonymous_3)","decl":{"start":{"line":58,"column":28},"end":{"line":58,"column":29}},"loc":{"start":{"line":58,"column":34},"end":{"line":61,"column":5}},"line":58},"4":{"name":"(anonymous_4)","decl":{"start":{"line":84,"column":33},"end":{"line":84,"column":34}},"loc":{"start":{"line":84,"column":39},"end":{"line":84,"column":52}},"line":84}},"branchMap":{"0":{"loc":{"start":{"line":34,"column":8},"end":{"line":37,"column":9}},"type":"if","locations":[{"start":{"line":34,"column":8},"end":{"line":37,"column":9}},{"start":{},"end":{}}],"line":34},"1":{"loc":{"start":{"line":47,"column":12},"end":{"line":47,"column":35}},"type":"if","locations":[{"start":{"line":47,"column":12},"end":{"line":47,"column":35}},{"start":{},"end":{}}],"line":47},"2":{"loc":{"start":{"line":49,"column":12},"end":{"line":52,"column":13}},"type":"if","locations":[{"start":{"line":49,"column":12},"end":{"line":52,"column":13}},{"start":{},"end":{}}],"line":49}},"s":{"0":0,"1":0,"2":0,"3":0,"4":0,"5":0,"6":0,"7":0,"8":0,"9":0,"10":0,"11":0,"12":0,"13":0,"14":0,"15":0,"16":0,"17":0,"18":0,"19":0,"20":0},"f":{"0":0,"1":0,"2":0,"3":0,"4":0},"b":{"0":[0,0],"1":[0,0],"2":[0,0]}}
,"C:\\Users\\yejin\\Downloads\\cryo\\chalk-app\\app\\settings.tsx": {"path":"C:\\Users\\yejin\\Downloads\\cryo\\chalk-app\\app\\settings.tsx","statementMap":{"0":{"start":{"line":21,"column":30},"end":{"line":21,"column":40}},"1":{"start":{"line":23,"column":25},"end":{"line":39,"column":5}},"2":{"start":{"line":24,"column":8},"end":{"line":38,"column":10}},"3":{"start":{"line":33,"column":24},"end":{"line":33,"column":40}},"4":{"start":{"line":34,"column":24},"end":{"line":34,"column":49}},"5":{"start":{"line":41,"column":4},"end":{"line":135,"column":6}},"6":{"start":{"line":45,"column":49},"end":{"line":45,"column":62}},"7":{"start":{"line":138,"column":15},"end":{"line":260,"column":2}}},"fnMap":{"0":{"name":"SettingsScreen","decl":{"start":{"line":20,"column":24},"end":{"line":20,"column":38}},"loc":{"start":{"line":20,"column":41},"end":{"line":136,"column":1}},"line":20},"1":{"name":"(anonymous_1)","decl":{"start":{"line":23,"column":25},"end":{"line":23,"column":26}},"loc":{"start":{"line":23,"column":31},"end":{"line":39,"column":5}},"line":23},"2":{"name":"(anonymous_2)","decl":{"start":{"line":32,"column":29},"end":{"line":32,"column":30}},"loc":{"start":{"line":32,"column":41},"end":{"line":35,"column":21}},"line":32},"3":{"name":"(anonymous_3)","decl":{"start":{"line":45,"column":43},"end":{"line":45,"column":44}},"loc":{"start":{"line":45,"column":49},"end":{"line":45,"column":62}},"line":45}},"branchMap":{"0":{"loc":{"start":{"line":60,"column":37},"end":{"line":60,"column":75}},"type":"binary-expr","locations":[{"start":{"line":60,"column":37},"end":{"line":60,"column":68}},{"start":{"line":60,"column":72},"end":{"line":60,"column":75}}],"line":60},"1":{"loc":{"start":{"line":65,"column":37},"end":{"line":65,"column":78}},"type":"binary-expr","locations":[{"start":{"line":65,"column":37},"end":{"line":65,"column":67}},{"start":{"line":65,"column":71},"end":{"line":65,"column":78}}],"line":65},"2":{"loc":{"start":{"line":68,"column":37},"end":{"line":68,"column":67}},"type":"binary-expr","locations":[{"start":{"line":68,"column":37},"end":{"line":68,"column":48}},{"start":{"line":68,"column":52},"end":{"line":68,"column":67}}],"line":68}},"s":{"0":0,"1":0,"2":0,"3":0,"4":0,"5":0,"6":0,"7":0},"f":{"0":0,"1":0,"2":0,"3":0},"b":{"0":[0,0],"1":[0,0],"2":[0,0]}}
,"C:\\Users\\yejin\\Downloads\\cryo\\chalk-app\\app\\onboarding\\calendar.tsx": {"path":"C:\\Users\\yejin\\Downloads\\cryo\\chalk-app\\app\\onboarding\\calendar.tsx","statementMap":{"0":{"start":{"line":27,"column":22},"end":{"line":27,"column":48}},"1":{"start":{"line":30,"column":69},"end":{"line":30,"column":88}},"2":{"start":{"line":31,"column":50},"end":{"line":31,"column":65}},"3":{"start":{"line":32,"column":50},"end":{"line":32,"column":69}},"4":{"start":{"line":33,"column":52},"end":{"line":33,"column":67}},"5":{"start":{"line":36,"column":4},"end":{"line":40,"column":22}},"6":{"start":{"line":37,"column":8},"end":{"line":39,"column":9}},"7":{"start":{"line":38,"column":12},"end":{"line":38,"column":34}},"8":{"start":{"line":42,"column":32},"end":{"line":58,"column":5}},"9":{"start":{"line":43,"column":8},"end":{"line":43,"column":34}},"10":{"start":{"line":44,"column":8},"end":{"line":57,"column":9}},"11":{"start":{"line":45,"column":12},"end":{"line":45,"column":32}},"12":{"start":{"line":47,"column":32},"end":{"line":51,"column":13}},"13":{"start":{"line":52,"column":12},"end":{"line":52,"column":44}},"14":{"start":{"line":54,"column":12},"end":{"line":54,"column":71}},"15":{"start":{"line":56,"column":12},"end":{"line":56,"column":39}},"16":{"start":{"line":60,"column":27},"end":{"line":64,"column":5}},"17":{"start":{"line":61,"column":25},"end":{"line":61,"column":41}},"18":{"start":{"line":62,"column":8},"end":{"line":62,"column":37}},"19":{"start":{"line":63,"column":8},"end":{"line":63,"column":76}},"20":{"start":{"line":66,"column":27},"end":{"line":69,"column":5}},"21":{"start":{"line":68,"column":8},"end":{"line":68,"column":44}},"22":{"start":{"line":71,"column":23},"end":{"line":73,"column":5}},"23":{"start":{"line":72,"column":8},"end":{"line":72,"column":44}},"24":{"start":{"line":75,"column":4},"end":{"line":252,"column":6}},"25":{"start":{"line":147,"column":36},"end":{"line":162,"column":43}},"26":{"start":{"line":255,"column":15},"end":{"line":534,"column":2}}},"fnMap":{"0":{"name":"CalendarOnboardingScreen","decl":{"start":{"line":29,"column":24},"end":{"line":29,"column":48}},"loc":{"start":{"line":29,"column":51},"end":{"line":253,"column":1}},"line":29},"1":{"name":"(anonymous_1)","decl":{"start":{"line":36,"column":14},"end":{"line":36,"column":15}},"loc":{"start":{"line":36,"column":20},"end":{"line":40,"column":5}},"line":36},"2":{"name":"(anonymous_2)","decl":{"start":{"line":42,"column":32},"end":{"line":42,"column":33}},"loc":{"start":{"line":42,"column":44},"end":{"line":58,"column":5}},"line":42},"3":{"name":"(anonymous_3)","decl":{"start":{"line":60,"column":27},"end":{"line":60,"column":28}},"loc":{"start":{"line":60,"column":39},"end":{"line":64,"column":5}},"line":60},"4":{"name":"(anonymous_4)","decl":{"start":{"line":66,"column":27},"end":{"line":66,"column":28}},"loc":{"start":{"line":66,"column":33},"end":{"line":69,"column":5}},"line":66},"5":{"name":"(anonymous_5)","decl":{"start":{"line":71,"column":23},"end":{"line":71,"column":24}},"loc":{"start":{"line":71,"column":29},"end":{"line":73,"column":5}},"line":71},"6":{"name":"(anonymous_6)","decl":{"start":{"line":146,"column":53},"end":{"line":146,"column":54}},"loc":{"start":{"line":147,"column":36},"end":{"line":162,"column":43}},"line":147}},"branchMap":{"0":{"loc":{"start":{"line":37,"column":8},"end":{"line":39,"column":9}},"type":"if","locations":[{"start":{"line":37,"column":8},"end":{"line":39,"column":9}},{"start":{},"end":{}}],"line":37},"1":{"loc":{"start":{"line":106,"column":28},"end":{"line":106,"column":67}},"type":"binary-expr","locations":[{"start":{"line":106,"column":28},"end":{"line":106,"column":39}},{"start":{"line":106,"column":43},"end":{"line":106,"column":67}}],"line":106},"2":{"loc":{"start":{"line":109,"column":34},"end":{"line":109,"column":58}},"type":"binary-expr","locations":[{"start":{"line":109,"column":34},"end":{"line":109,"column":43}},{"start":{"line":109,"column":47},"end":{"line":109,"column":58}}],"line":109},"3":{"loc":{"start":{"line":118,"column":37},"end":{"line":120,"column":72}},"type":"cond-expr","locations":[{"start":{"line":119,"column":42},"end":{"line":119,"column":76}},{"start":{"line":120,"column":42},"end":{"line":120,"column":72}}],"line":118},"4":{"loc":{"start":{"line":124,"column":25},"end":{"line":130,"column":25}},"type":"cond-expr","locations":[{"start":{"line":125,"column":28},"end":{"line":125,"column":92}},{"start":{"line":126,"column":28},"end":{"line":130,"column":25}}],"line":124},"5":{"loc":{"start":{"line":126,"column":28},"end":{"line":130,"column":25}},"type":"cond-expr","locations":[{"start":{"line":127,"column":28},"end":{"line":127,"column":83}},{"start":{"line":129,"column":28},"end":{"line":129,"column":80}}],"line":126},"6":{"loc":{"start":{"line":135,"column":17},"end":{"line":171,"column":17}},"type":"binary-expr","locations":[{"start":{"line":135,"column":17},"end":{"line":135,"column":28}},{"start":{"line":136,"column":20},"end":{"line":170,"column":27}}],"line":135},"7":{"loc":{"start":{"line":139,"column":25},"end":{"line":169,"column":25}},"type":"cond-expr","locations":[{"start":{"line":140,"column":28},"end":{"line":143,"column":35}},{"start":{"line":145,"column":28},"end":{"line":168,"column":31}}],"line":139},"8":{"loc":{"start":{"line":150,"column":63},"end":{"line":150,"column":113}},"type":"cond-expr","locations":[{"start":{"line":150,"column":88},"end":{"line":150,"column":99}},{"start":{"line":150,"column":102},"end":{"line":150,"column":113}}],"line":150},"9":{"loc":{"start":{"line":154,"column":55},"end":{"line":154,"column":101}},"type":"cond-expr","locations":[{"start":{"line":154,"column":80},"end":{"line":154,"column":89}},{"start":{"line":154,"column":92},"end":{"line":154,"column":101}}],"line":154},"10":{"loc":{"start":{"line":174,"column":17},"end":{"line":204,"column":17}},"type":"binary-expr","locations":[{"start":{"line":174,"column":17},"end":{"line":174,"column":28}},{"start":{"line":175,"column":20},"end":{"line":203,"column":27}}],"line":174},"11":{"loc":{"start":{"line":195,"column":32},"end":{"line":195,"column":70}},"type":"binary-expr","locations":[{"start":{"line":195,"column":32},"end":{"line":195,"column":47}},{"start":{"line":195,"column":51},"end":{"line":195,"column":70}}],"line":195},"12":{"loc":{"start":{"line":199,"column":36},"end":{"line":199,"column":78}},"type":"binary-expr","locations":[{"start":{"line":199,"column":36},"end":{"line":199,"column":51}},{"start":{"line":199,"column":55},"end":{"line":199,"column":78}}],"line":199},"13":{"loc":{"start":{"line":233,"column":24},"end":{"line":233,"column":70}},"type":"binary-expr","locations":[{"start":{"line":233,"column":24},"end":{"line":233,"column":36}},{"start":{"line":233,"column":40},"end":{"line":233,"column":70}}],"line":233},"14":{"loc":{"start":{"line":239,"column":24},"end":{"line":239,"column":74}},"type":"binary-expr","locations":[{"start":{"line":239,"column":24},"end":{"line":239,"column":36}},{"start":{"line":239,"column":40},"end":{"line":239,"column":74}}],"line":239},"15":{"loc":{"start":{"line":241,"column":25},"end":{"line":241,"column":66}},"type":"cond-expr","locations":[{"start":{"line":241,"column":39},"end":{"line":241,"column":49}},{"start":{"line":241,"column":52},"end":{"line":241,"column":66}}],"line":241},"16":{"loc":{"start":{"line":245,"column":17},"end":{"line":249,"column":17}},"type":"binary-expr","locations":[{"start":{"line":245,"column":17},"end":{"line":245,"column":29}},{"start":{"line":246,"column":20},"end":{"line":248,"column":27}}],"line":245}},"s":{"0":0,"1":0,"2":0,"3":0,"4":0,"5":0,"6":0,"7":0,"8":0,"9":0,"10":0,"11":0,"12":0,"13":0,"14":0,"15":0,"16":0,"17":0,"18":0,"19":0,"20":0,"21":0,"22":0,"23":0,"24":0,"25":0,"26":0},"f":{"0":0,"1":0,"2":0,"3":0,"4":0,"5":0,"6":0},"b":{"0":[0,0],"1":[0,0],"2":[0,0],"3":[0,0],"4":[0,0],"5":[0,0],"6":[0,0],"7":[0,0],"8":[0,0],"9":[0,0],"10":[0,0],"11":[0,0],"12":[0,0],"13":[0,0],"14":[0,0],"15":[0,0],"16":[0,0]}}
,"C:\\Users\\yejin\\Downloads\\cryo\\chalk-app\\app\\onboarding\\complete.tsx": {"path":"C:\\Users\\yejin\\Downloads\\cryo\\chalk-app\\app\\onboarding\\complete.tsx","statementMap":{"0":{"start":{"line":20,"column":21},"end":{"line":20,"column":58}},"1":{"start":{"line":21,"column":22},"end":{"line":21,"column":60}},"2":{"start":{"line":22,"column":22},"end":{"line":22,"column":61}},"3":{"start":{"line":24,"column":4},"end":{"line":45,"column":11}},"4":{"start":{"line":26,"column":8},"end":{"line":44,"column":19}},"5":{"start":{"line":47,"column":29},"end":{"line":50,"column":5}},"6":{"start":{"line":49,"column":8},"end":{"line":49,"column":28}},"7":{"start":{"line":52,"column":21},"end":{"line":57,"column":5}},"8":{"start":{"line":59,"column":4},"end":{"line":144,"column":6}},"9":{"start":{"line":106,"column":24},"end":{"line":112,"column":31}},"10":{"start":{"line":147,"column":15},"end":{"line":275,"column":2}}},"fnMap":{"0":{"name":"OnboardingCompleteScreen","decl":{"start":{"line":19,"column":24},"end":{"line":19,"column":48}},"loc":{"start":{"line":19,"column":51},"end":{"line":145,"column":1}},"line":19},"1":{"name":"(anonymous_1)","decl":{"start":{"line":24,"column":14},"end":{"line":24,"column":15}},"loc":{"start":{"line":24,"column":20},"end":{"line":45,"column":5}},"line":24},"2":{"name":"(anonymous_2)","decl":{"start":{"line":47,"column":29},"end":{"line":47,"column":30}},"loc":{"start":{"line":47,"column":35},"end":{"line":50,"column":5}},"line":47},"3":{"name":"(anonymous_3)","decl":{"start":{"line":105,"column":34},"end":{"line":105,"column":35}},"loc":{"start":{"line":106,"column":24},"end":{"line":112,"column":31}},"line":106}},"branchMap":{},"s":{"0":0,"1":0,"2":0,"3":0,"4":0,"5":0,"6":0,"7":0,"8":0,"9":0,"10":0},"f":{"0":0,"1":0,"2":0,"3":0},"b":{}}
,"C:\\Users\\yejin\\Downloads\\cryo\\chalk-app\\app\\onboarding\\index.tsx": {"path":"C:\\Users\\yejin\\Downloads\\cryo\\chalk-app\\app\\onboarding\\index.tsx","statementMap":{"0":{"start":{"line":20,"column":28},"end":{"line":20,"column":39}},"1":{"start":{"line":21,"column":38},"end":{"line":21,"column":50}},"2":{"start":{"line":22,"column":40},"end":{"line":22,"column":52}},"3":{"start":{"line":23,"column":48},"end":{"line":23,"column":67}},"4":{"start":{"line":25,"column":23},"end":{"line":32,"column":5}},"5":{"start":{"line":26,"column":8},"end":{"line":31,"column":9}},"6":{"start":{"line":27,"column":12},"end":{"line":27,"column":30}},"7":{"start":{"line":30,"column":12},"end":{"line":30,"column":32}},"8":{"start":{"line":34,"column":23},"end":{"line":38,"column":5}},"9":{"start":{"line":35,"column":8},"end":{"line":35,"column":52}},"10":{"start":{"line":35,"column":24},"end":{"line":35,"column":52}},"11":{"start":{"line":36,"column":8},"end":{"line":36,"column":36}},"12":{"start":{"line":36,"column":24},"end":{"line":36,"column":36}},"13":{"start":{"line":37,"column":8},"end":{"line":37,"column":20}},"14":{"start":{"line":40,"column":4},"end":{"line":180,"column":6}},"15":{"start":{"line":45,"column":20},"end":{"line":51,"column":22}},"16":{"start":{"line":174,"column":53},"end":{"line":174,"column":70}},"17":{"start":{"line":183,"column":15},"end":{"line":313,"column":2}}},"fnMap":{"0":{"name":"OnboardingIndex","decl":{"start":{"line":19,"column":24},"end":{"line":19,"column":39}},"loc":{"start":{"line":19,"column":42},"end":{"line":181,"column":1}},"line":19},"1":{"name":"(anonymous_1)","decl":{"start":{"line":25,"column":23},"end":{"line":25,"column":24}},"loc":{"start":{"line":25,"column":29},"end":{"line":32,"column":5}},"line":25},"2":{"name":"(anonymous_2)","decl":{"start":{"line":34,"column":23},"end":{"line":34,"column":24}},"loc":{"start":{"line":34,"column":29},"end":{"line":38,"column":5}},"line":34},"3":{"name":"(anonymous_3)","decl":{"start":{"line":44,"column":31},"end":{"line":44,"column":32}},"loc":{"start":{"line":45,"column":20},"end":{"line":51,"column":22}},"line":45},"4":{"name":"(anonymous_4)","decl":{"start":{"line":174,"column":47},"end":{"line":174,"column":48}},"loc":{"start":{"line":174,"column":53},"end":{"line":174,"column":70}},"line":174}},"branchMap":{"0":{"loc":{"start":{"line":26,"column":8},"end":{"line":31,"column":9}},"type":"if","locations":[{"start":{"line":26,"column":8},"end":{"line":31,"column":9}},{"start":{"line":28,"column":15},"end":{"line":31,"column":9}}],"line":26},"1":{"loc":{"start":{"line":35,"column":8},"end":{"line":35,"column":52}},"type":"if","locations":[{"start":{"line":35,"column":8},"end":{"line":35,"column":52}},{"start":{},"end":{}}],"line":35},"2":{"loc":{"start":{"line":36,"column":8},"end":{"line":36,"column":36}},"type":"if","locations":[{"start":{"line":36,"column":8},"end":{"line":36,"column":36}},{"start":{},"end":{}}],"line":36},"3":{"loc":{"start":{"line":49,"column":28},"end":{"line":49,"column":65}},"type":"binary-expr","locations":[{"start":{"line":49,"column":28},"end":{"line":49,"column":37}},{"start":{"line":49,"column":41},"end":{"line":49,"column":65}}],"line":49},"4":{"loc":{"start":{"line":57,"column":17},"end":{"line":88,"column":17}},"type":"binary-expr","locations":[{"start":{"line":57,"column":17},"end":{"line":57,"column":27}},{"start":{"line":58,"column":20},"end":{"line":87,"column":23}}],"line":57},"5":{"loc":{"start":{"line":90,"column":17},"end":{"line":126,"column":17}},"type":"binary-expr","locations":[{"start":{"line":90,"column":17},"end":{"line":90,"column":27}},{"start":{"line":91,"column":20},"end":{"line":125,"column":23}}],"line":90},"6":{"loc":{"start":{"line":101,"column":32},"end":{"line":101,"column":73}},"type":"binary-expr","locations":[{"start":{"line":101,"column":32},"end":{"line":101,"column":43}},{"start":{"line":101,"column":47},"end":{"line":101,"column":73}}],"line":101},"7":{"loc":{"start":{"line":104,"column":38},"end":{"line":104,"column":62}},"type":"binary-expr","locations":[{"start":{"line":104,"column":38},"end":{"line":104,"column":47}},{"start":{"line":104,"column":51},"end":{"line":104,"column":62}}],"line":104},"8":{"loc":{"start":{"line":111,"column":41},"end":{"line":111,"column":79}},"type":"cond-expr","locations":[{"start":{"line":111,"column":55},"end":{"line":111,"column":62}},{"start":{"line":111,"column":65},"end":{"line":111,"column":79}}],"line":111},"9":{"loc":{"start":{"line":115,"column":29},"end":{"line":119,"column":29}},"type":"cond-expr","locations":[{"start":{"line":116,"column":32},"end":{"line":116,"column":87}},{"start":{"line":118,"column":32},"end":{"line":118,"column":84}}],"line":115},"10":{"loc":{"start":{"line":128,"column":17},"end":{"line":155,"column":17}},"type":"binary-expr","locations":[{"start":{"line":128,"column":17},"end":{"line":128,"column":27}},{"start":{"line":129,"column":20},"end":{"line":154,"column":23}}],"line":128},"11":{"loc":{"start":{"line":163,"column":24},"end":{"line":163,"column":66}},"type":"binary-expr","locations":[{"start":{"line":163,"column":24},"end":{"line":163,"column":37}},{"start":{"line":163,"column":41},"end":{"line":163,"column":66}}],"line":163},"12":{"loc":{"start":{"line":169,"column":25},"end":{"line":169,"column":51}},"type":"cond-expr","locations":[{"start":{"line":169,"column":38},"end":{"line":169,"column":44}},{"start":{"line":169,"column":47},"end":{"line":169,"column":51}}],"line":169},"13":{"loc":{"start":{"line":173,"column":17},"end":{"line":177,"column":17}},"type":"binary-expr","locations":[{"start":{"line":173,"column":17},"end":{"line":173,"column":25}},{"start":{"line":174,"column":20},"end":{"line":176,"column":39}}],"line":173}},"s":{"0":0,"1":0,"2":0,"3":0,"4":0,"5":0,"6":0,"7":0,"8":0,"9":0,"10":0,"11":0,"12":0,"13":0,"14":0,"15":0,"16":0,"17":0},"f":{"0":0,"1":0,"2":0,"3":0,"4":0},"b":{"0":[0,0],"1":[0,0],"2":[0,0],"3":[0,0],"4":[0,0],"5":[0,0],"6":[0,0],"7":[0,0],"8":[0,0],"9":[0,0],"10":[0,0],"11":[0,0],"12":[0,0],"13":[0,0]}}
,"C:\\Users\\yejin\\Downloads\\cryo\\chalk-app\\app\\onboarding\\subject.tsx": {"path":"C:\\Users\\yejin\\Downloads\\cryo\\chalk-app\\app\\onboarding\\subject.tsx","statementMap":{"0":{"start":{"line":21,"column":21},"end":{"line":21,"column":34}},"1":{"start":{"line":22,"column":50},"end":{"line":22,"column":79}},"2":{"start":{"line":23,"column":37},"end":{"line":23,"column":47}},"3":{"start":{"line":25,"column":27},"end":{"line":30,"column":5}},"4":{"start":{"line":26,"column":8},"end":{"line":29,"column":9}},"5":{"start":{"line":27,"column":12},"end":{"line":27,"column":50}},"6":{"start":{"line":28,"column":12},"end":{"line":28,"column":48}},"7":{"start":{"line":32,"column":4},"end":{"line":152,"column":6}},"8":{"start":{"line":36,"column":49},"end":{"line":36,"column":62}},"9":{"start":{"line":57,"column":43},"end":{"line":57,"column":73}},"10":{"start":{"line":58,"column":43},"end":{"line":58,"column":69}},"11":{"start":{"line":60,"column":24},"end":{"line":103,"column":26}},"12":{"start":{"line":67,"column":47},"end":{"line":67,"column":77}},"13":{"start":{"line":91,"column":44},"end":{"line":93,"column":51}},"14":{"start":{"line":112,"column":39},"end":{"line":112,"column":66}},"15":{"start":{"line":155,"column":15},"end":{"line":293,"column":2}}},"fnMap":{"0":{"name":"SubjectSelectionScreen","decl":{"start":{"line":20,"column":24},"end":{"line":20,"column":46}},"loc":{"start":{"line":20,"column":49},"end":{"line":153,"column":1}},"line":20},"1":{"name":"(anonymous_1)","decl":{"start":{"line":25,"column":27},"end":{"line":25,"column":28}},"loc":{"start":{"line":25,"column":33},"end":{"line":30,"column":5}},"line":25},"2":{"name":"(anonymous_2)","decl":{"start":{"line":36,"column":43},"end":{"line":36,"column":44}},"loc":{"start":{"line":36,"column":49},"end":{"line":36,"column":62}},"line":36},"3":{"name":"(anonymous_3)","decl":{"start":{"line":56,"column":34},"end":{"line":56,"column":35}},"loc":{"start":{"line":56,"column":47},"end":{"line":104,"column":21}},"line":56},"4":{"name":"(anonymous_4)","decl":{"start":{"line":67,"column":41},"end":{"line":67,"column":42}},"loc":{"start":{"line":67,"column":47},"end":{"line":67,"column":77}},"line":67},"5":{"name":"(anonymous_5)","decl":{"start":{"line":90,"column":71},"end":{"line":90,"column":72}},"loc":{"start":{"line":91,"column":44},"end":{"line":93,"column":51}},"line":91},"6":{"name":"(anonymous_6)","decl":{"start":{"line":112,"column":33},"end":{"line":112,"column":34}},"loc":{"start":{"line":112,"column":39},"end":{"line":112,"column":66}},"line":112}},"branchMap":{"0":{"loc":{"start":{"line":26,"column":8},"end":{"line":29,"column":9}},"type":"if","locations":[{"start":{"line":26,"column":8},"end":{"line":29,"column":9}},{"start":{},"end":{}}],"line":26},"1":{"loc":{"start":{"line":65,"column":36},"end":{"line":65,"column":76}},"type":"binary-expr","locations":[{"start":{"line":65,"column":36},"end":{"line":65,"column":46}},{"start":{"line":65,"column":50},"end":{"line":65,"column":76}}],"line":65},"2":{"loc":{"start":{"line":72,"column":40},"end":{"line":72,"column":79}},"type":"binary-expr","locations":[{"start":{"line":72,"column":40},"end":{"line":72,"column":50}},{"start":{"line":72,"column":54},"end":{"line":72,"column":79}}],"line":72},"3":{"loc":{"start":{"line":74,"column":41},"end":{"line":74,"column":89}},"type":"binary-expr","locations":[{"start":{"line":74,"column":41},"end":{"line":74,"column":51}},{"start":{"line":74,"column":55},"end":{"line":74,"column":89}}],"line":74},"4":{"loc":{"start":{"line":79,"column":44},"end":{"line":79,"column":84}},"type":"binary-expr","locations":[{"start":{"line":79,"column":44},"end":{"line":79,"column":54}},{"start":{"line":79,"column":58},"end":{"line":79,"column":84}}],"line":79},"5":{"loc":{"start":{"line":88,"column":33},"end":{"line":101,"column":33}},"type":"binary-expr","locations":[{"start":{"line":88,"column":33},"end":{"line":88,"column":43}},{"start":{"line":89,"column":36},"end":{"line":100,"column":43}}],"line":88},"6":{"loc":{"start":{"line":95,"column":41},"end":{"line":99,"column":41}},"type":"binary-expr","locations":[{"start":{"line":95,"column":41},"end":{"line":95,"column":65}},{"start":{"line":96,"column":44},"end":{"line":98,"column":51}}],"line":95},"7":{"loc":{"start":{"line":110,"column":28},"end":{"line":110,"column":85}},"type":"binary-expr","locations":[{"start":{"line":110,"column":28},"end":{"line":110,"column":55}},{"start":{"line":110,"column":59},"end":{"line":110,"column":85}}],"line":110},"8":{"loc":{"start":{"line":117,"column":32},"end":{"line":117,"column":88}},"type":"binary-expr","locations":[{"start":{"line":117,"column":32},"end":{"line":117,"column":59}},{"start":{"line":117,"column":63},"end":{"line":117,"column":88}}],"line":117},"9":{"loc":{"start":{"line":119,"column":33},"end":{"line":119,"column":98}},"type":"binary-expr","locations":[{"start":{"line":119,"column":33},"end":{"line":119,"column":60}},{"start":{"line":119,"column":64},"end":{"line":119,"column":98}}],"line":119},"10":{"loc":{"start":{"line":124,"column":36},"end":{"line":124,"column":93}},"type":"binary-expr","locations":[{"start":{"line":124,"column":36},"end":{"line":124,"column":63}},{"start":{"line":124,"column":67},"end":{"line":124,"column":93}}],"line":124},"11":{"loc":{"start":{"line":142,"column":24},"end":{"line":142,"column":73}},"type":"binary-expr","locations":[{"start":{"line":142,"column":24},"end":{"line":142,"column":40}},{"start":{"line":142,"column":44},"end":{"line":142,"column":73}}],"line":142}},"s":{"0":0,"1":0,"2":0,"3":0,"4":0,"5":0,"6":0,"7":0,"8":0,"9":0,"10":0,"11":0,"12":0,"13":0,"14":0,"15":0},"f":{"0":0,"1":0,"2":0,"3":0,"4":0,"5":0,"6":0},"b":{"0":[0,0],"1":[0,0],"2":[0,0],"3":[0,0],"4":[0,0],"5":[0,0],"6":[0,0],"7":[0,0],"8":[0,0],"9":[0,0],"10":[0,0],"11":[0,0]}}
,"C:\\Users\\yejin\\Downloads\\cryo\\chalk-app\\app\\recording\\index.tsx": {"path":"C:\\Users\\yejin\\Downloads\\cryo\\chalk-app\\app\\recording\\index.tsx","statementMap":{"0":{"start":{"line":24,"column":43},"end":{"line":45,"column":1}},"1":{"start":{"line":48,"column":30},"end":{"line":48,"column":62}},"2":{"start":{"line":49,"column":36},"end":{"line":49,"column":47}},"3":{"start":{"line":50,"column":48},"end":{"line":50,"column":67}},"4":{"start":{"line":51,"column":22},"end":{"line":51,"column":59}},"5":{"start":{"line":52,"column":21},"end":{"line":52,"column":56}},"6":{"start":{"line":54,"column":26},"end":{"line":54,"column":60}},"7":{"start":{"line":55,"column":32},"end":{"line":55,"column":42}},"8":{"start":{"line":58,"column":4},"end":{"line":82,"column":11}},"9":{"start":{"line":59,"column":8},"end":{"line":81,"column":13}},"10":{"start":{"line":60,"column":12},"end":{"line":80,"column":13}},"11":{"start":{"line":62,"column":16},"end":{"line":71,"column":19}},"12":{"start":{"line":73,"column":31},"end":{"line":73,"column":83}},"13":{"start":{"line":74,"column":16},"end":{"line":74,"column":85}},"14":{"start":{"line":75,"column":16},"end":{"line":77,"column":17}},"15":{"start":{"line":76,"column":20},"end":{"line":76,"column":101}},"16":{"start":{"line":79,"column":16},"end":{"line":79,"column":64}},"17":{"start":{"line":85,"column":4},"end":{"line":104,"column":16}},"18":{"start":{"line":86,"column":8},"end":{"line":103,"column":9}},"19":{"start":{"line":87,"column":12},"end":{"line":100,"column":22}},"20":{"start":{"line":102,"column":12},"end":{"line":102,"column":34}},"21":{"start":{"line":107,"column":4},"end":{"line":120,"column":16}},"22":{"start":{"line":108,"column":8},"end":{"line":116,"column":9}},"23":{"start":{"line":109,"column":12},"end":{"line":111,"column":28}},"24":{"start":{"line":110,"column":16},"end":{"line":110,"column":40}},"25":{"start":{"line":110,"column":33},"end":{"line":110,"column":38}},"26":{"start":{"line":113,"column":12},"end":{"line":115,"column":13}},"27":{"start":{"line":114,"column":16},"end":{"line":114,"column":48}},"28":{"start":{"line":117,"column":8},"end":{"line":119,"column":10}},"29":{"start":{"line":118,"column":12},"end":{"line":118,"column":66}},"30":{"start":{"line":118,"column":34},"end":{"line":118,"column":66}},"31":{"start":{"line":122,"column":27},"end":{"line":126,"column":5}},"32":{"start":{"line":123,"column":21},"end":{"line":123,"column":45}},"33":{"start":{"line":124,"column":21},"end":{"line":124,"column":33}},"34":{"start":{"line":125,"column":8},"end":{"line":125,"column":89}},"35":{"start":{"line":128,"column":27},"end":{"line":156,"column":5}},"36":{"start":{"line":129,"column":8},"end":{"line":129,"column":68}},"37":{"start":{"line":130,"column":8},"end":{"line":155,"column":9}},"38":{"start":{"line":131,"column":12},"end":{"line":135,"column":13}},"39":{"start":{"line":132,"column":16},"end":{"line":132,"column":67}},"40":{"start":{"line":133,"column":16},"end":{"line":133,"column":65}},"41":{"start":{"line":134,"column":16},"end":{"line":134,"column":23}},"42":{"start":{"line":137,"column":31},"end":{"line":137,"column":79}},"43":{"start":{"line":138,"column":12},"end":{"line":138,"column":77}},"44":{"start":{"line":140,"column":12},"end":{"line":146,"column":13}},"45":{"start":{"line":141,"column":32},"end":{"line":141,"column":84}},"46":{"start":{"line":142,"column":16},"end":{"line":145,"column":17}},"47":{"start":{"line":143,"column":20},"end":{"line":143,"column":87}},"48":{"start":{"line":144,"column":20},"end":{"line":144,"column":27}},"49":{"start":{"line":148,"column":12},"end":{"line":148,"column":41}},"50":{"start":{"line":149,"column":12},"end":{"line":149,"column":60}},"51":{"start":{"line":150,"column":12},"end":{"line":150,"column":34}},"52":{"start":{"line":151,"column":12},"end":{"line":151,"column":27}},"53":{"start":{"line":153,"column":12},"end":{"line":153,"column":63}},"54":{"start":{"line":154,"column":12},"end":{"line":154,"column":97}},"55":{"start":{"line":158,"column":26},"end":{"line":178,"column":5}},"56":{"start":{"line":159,"column":8},"end":{"line":159,"column":57}},"57":{"start":{"line":160,"column":8},"end":{"line":177,"column":9}},"58":{"start":{"line":161,"column":12},"end":{"line":161,"column":34}},"59":{"start":{"line":162,"column":12},"end":{"line":162,"column":39}},"60":{"start":{"line":163,"column":12},"end":{"line":163,"column":72}},"61":{"start":{"line":166,"column":12},"end":{"line":172,"column":21}},"62":{"start":{"line":167,"column":16},"end":{"line":170,"column":19}},"63":{"start":{"line":171,"column":16},"end":{"line":171,"column":37}},"64":{"start":{"line":174,"column":12},"end":{"line":174,"column":62}},"65":{"start":{"line":175,"column":12},"end":{"line":175,"column":29}},"66":{"start":{"line":176,"column":12},"end":{"line":176,"column":61}},"67":{"start":{"line":180,"column":25},"end":{"line":184,"column":5}},"68":{"start":{"line":182,"column":8},"end":{"line":182,"column":69}},"69":{"start":{"line":183,"column":8},"end":{"line":183,"column":22}},"70":{"start":{"line":186,"column":24},"end":{"line":199,"column":5}},"71":{"start":{"line":187,"column":8},"end":{"line":198,"column":10}},"72":{"start":{"line":195,"column":35},"end":{"line":195,"column":48}},"73":{"start":{"line":201,"column":4},"end":{"line":317,"column":6}},"74":{"start":{"line":205,"column":49},"end":{"line":205,"column":62}},"75":{"start":{"line":281,"column":36},"end":{"line":283,"column":43}},"76":{"start":{"line":320,"column":15},"end":{"line":528,"column":2}}},"fnMap":{"0":{"name":"RecordingScreen","decl":{"start":{"line":47,"column":24},"end":{"line":47,"column":39}},"loc":{"start":{"line":47,"column":42},"end":{"line":318,"column":1}},"line":47},"1":{"name":"(anonymous_1)","decl":{"start":{"line":58,"column":14},"end":{"line":58,"column":15}},"loc":{"start":{"line":58,"column":20},"end":{"line":82,"column":5}},"line":58},"2":{"name":"(anonymous_2)","decl":{"start":{"line":59,"column":9},"end":{"line":59,"column":10}},"loc":{"start":{"line":59,"column":21},"end":{"line":81,"column":9}},"line":59},"3":{"name":"(anonymous_3)","decl":{"start":{"line":85,"column":14},"end":{"line":85,"column":15}},"loc":{"start":{"line":85,"column":20},"end":{"line":104,"column":5}},"line":85},"4":{"name":"(anonymous_4)","decl":{"start":{"line":107,"column":14},"end":{"line":107,"column":15}},"loc":{"start":{"line":107,"column":20},"end":{"line":120,"column":5}},"line":107},"5":{"name":"(anonymous_5)","decl":{"start":{"line":109,"column":43},"end":{"line":109,"column":44}},"loc":{"start":{"line":109,"column":49},"end":{"line":111,"column":13}},"line":109},"6":{"name":"(anonymous_6)","decl":{"start":{"line":110,"column":28},"end":{"line":110,"column":29}},"loc":{"start":{"line":110,"column":33},"end":{"line":110,"column":38}},"line":110},"7":{"name":"(anonymous_7)","decl":{"start":{"line":117,"column":15},"end":{"line":117,"column":16}},"loc":{"start":{"line":117,"column":21},"end":{"line":119,"column":9}},"line":117},"8":{"name":"(anonymous_8)","decl":{"start":{"line":122,"column":27},"end":{"line":122,"column":28}},"loc":{"start":{"line":122,"column":48},"end":{"line":126,"column":5}},"line":122},"9":{"name":"(anonymous_9)","decl":{"start":{"line":128,"column":27},"end":{"line":128,"column":28}},"loc":{"start":{"line":128,"column":39},"end":{"line":156,"column":5}},"line":128},"10":{"name":"(anonymous_10)","decl":{"start":{"line":158,"column":26},"end":{"line":158,"column":27}},"loc":{"start":{"line":158,"column":38},"end":{"line":178,"column":5}},"line":158},"11":{"name":"(anonymous_11)","decl":{"start":{"line":166,"column":23},"end":{"line":166,"column":24}},"loc":{"start":{"line":166,"column":29},"end":{"line":172,"column":13}},"line":166},"12":{"name":"(anonymous_12)","decl":{"start":{"line":180,"column":25},"end":{"line":180,"column":26}},"loc":{"start":{"line":180,"column":37},"end":{"line":184,"column":5}},"line":180},"13":{"name":"(anonymous_13)","decl":{"start":{"line":186,"column":24},"end":{"line":186,"column":25}},"loc":{"start":{"line":186,"column":30},"end":{"line":199,"column":5}},"line":186},"14":{"name":"(anonymous_14)","decl":{"start":{"line":195,"column":29},"end":{"line":195,"column":30}},"loc":{"start":{"line":195,"column":35},"end":{"line":195,"column":48}},"line":195},"15":{"name":"(anonymous_15)","decl":{"start":{"line":205,"column":43},"end":{"line":205,"column":44}},"loc":{"start":{"line":205,"column":49},"end":{"line":205,"column":62}},"line":205},"16":{"name":"(anonymous_16)","decl":{"start":{"line":280,"column":61},"end":{"line":280,"column":62}},"loc":{"start":{"line":281,"column":36},"end":{"line":283,"column":43}},"line":281}},"branchMap":{"0":{"loc":{"start":{"line":75,"column":16},"end":{"line":77,"column":17}},"type":"if","locations":[{"start":{"line":75,"column":16},"end":{"line":77,"column":17}},{"start":{},"end":{}}],"line":75},"1":{"loc":{"start":{"line":86,"column":8},"end":{"line":103,"column":9}},"type":"if","locations":[{"start":{"line":86,"column":8},"end":{"line":103,"column":9}},{"start":{"line":101,"column":15},"end":{"line":103,"column":9}}],"line":86},"2":{"loc":{"start":{"line":108,"column":8},"end":{"line":116,"column":9}},"type":"if","locations":[{"start":{"line":108,"column":8},"end":{"line":116,"column":9}},{"start":{"line":112,"column":15},"end":{"line":116,"column":9}}],"line":108},"3":{"loc":{"start":{"line":113,"column":12},"end":{"line":115,"column":13}},"type":"if","locations":[{"start":{"line":113,"column":12},"end":{"line":115,"column":13}},{"start":{},"end":{}}],"line":113},"4":{"loc":{"start":{"line":118,"column":12},"end":{"line":118,"column":66}},"type":"if","locations":[{"start":{"line":118,"column":12},"end":{"line":118,"column":66}},{"start":{},"end":{}}],"line":118},"5":{"loc":{"start":{"line":131,"column":12},"end":{"line":135,"column":13}},"type":"if","locations":[{"start":{"line":131,"column":12},"end":{"line":135,"column":13}},{"start":{},"end":{}}],"line":131},"6":{"loc":{"start":{"line":140,"column":12},"end":{"line":146,"column":13}},"type":"if","locations":[{"start":{"line":140,"column":12},"end":{"line":146,"column":13}},{"start":{},"end":{}}],"line":140},"7":{"loc":{"start":{"line":142,"column":16},"end":{"line":145,"column":17}},"type":"if","locations":[{"start":{"line":142,"column":16},"end":{"line":145,"column":17}},{"start":{},"end":{}}],"line":142},"8":{"loc":{"start":{"line":154,"column":63},"end":{"line":154,"column":93}},"type":"binary-expr","locations":[{"start":{"line":154,"column":63},"end":{"line":154,"column":74}},{"start":{"line":154,"column":78},"end":{"line":154,"column":93}}],"line":154},"9":{"loc":{"start":{"line":214,"column":17},"end":{"line":220,"column":17}},"type":"binary-expr","locations":[{"start":{"line":214,"column":17},"end":{"line":214,"column":32}},{"start":{"line":215,"column":20},"end":{"line":219,"column":27}}],"line":214},"10":{"loc":{"start":{"line":223,"column":17},"end":{"line":231,"column":17}},"type":"binary-expr","locations":[{"start":{"line":223,"column":17},"end":{"line":223,"column":38}},{"start":{"line":224,"column":20},"end":{"line":230,"column":27}}],"line":223},"11":{"loc":{"start":{"line":235,"column":21},"end":{"line":246,"column":21}},"type":"binary-expr","locations":[{"start":{"line":235,"column":21},"end":{"line":235,"column":37}},{"start":{"line":236,"column":24},"end":{"line":245,"column":27}}],"line":235},"12":{"loc":{"start":{"line":248,"column":21},"end":{"line":259,"column":21}},"type":"binary-expr","locations":[{"start":{"line":248,"column":21},"end":{"line":248,"column":42}},{"start":{"line":249,"column":24},"end":{"line":258,"column":27}}],"line":248},"13":{"loc":{"start":{"line":261,"column":21},"end":{"line":268,"column":21}},"type":"binary-expr","locations":[{"start":{"line":261,"column":21},"end":{"line":261,"column":42}},{"start":{"line":262,"column":24},"end":{"line":267,"column":27}}],"line":261},"14":{"loc":{"start":{"line":270,"column":21},"end":{"line":287,"column":21}},"type":"binary-expr","locations":[{"start":{"line":270,"column":21},"end":{"line":270,"column":41}},{"start":{"line":270,"column":45},"end":{"line":270,"column":59}},{"start":{"line":271,"column":24},"end":{"line":286,"column":31}}],"line":270},"15":{"loc":{"start":{"line":291,"column":17},"end":{"line":308,"column":17}},"type":"binary-expr","locations":[{"start":{"line":291,"column":17},"end":{"line":291,"column":37}},{"start":{"line":292,"column":20},"end":{"line":307,"column":27}}],"line":291}},"s":{"0":0,"1":0,"2":0,"3":0,"4":0,"5":0,"6":0,"7":0,"8":0,"9":0,"10":0,"11":0,"12":0,"13":0,"14":0,"15":0,"16":0,"17":0,"18":0,"19":0,"20":0,"21":0,"22":0,"23":0,"24":0,"25":0,"26":0,"27":0,"28":0,"29":0,"30":0,"31":0,"32":0,"33":0,"34":0,"35":0,"36":0,"37":0,"38":0,"39":0,"40":0,"41":0,"42":0,"43":0,"44":0,"45":0,"46":0,"47":0,"48":0,"49":0,"50":0,"51":0,"52":0,"53":0,"54":0,"55":0,"56":0,"57":0,"58":0,"59":0,"60":0,"61":0,"62":0,"63":0,"64":0,"65":0,"66":0,"67":0,"68":0,"69":0,"70":0,"71":0,"72":0,"73":0,"74":0,"75":0,"76":0},"f":{"0":0,"1":0,"2":0,"3":0,"4":0,"5":0,"6":0,"7":0,"8":0,"9":0,"10":0,"11":0,"12":0,"13":0,"14":0,"15":0,"16":0},"b":{"0":[0,0],"1":[0,0],"2":[0,0],"3":[0,0],"4":[0,0],"5":[0,0],"6":[0,0],"7":[0,0],"8":[0,0],"9":[0,0],"10":[0,0],"11":[0,0],"12":[0,0],"13":[0,0],"14":[0,0,0],"15":[0,0]}}
,"C:\\Users\\yejin\\Downloads\\cryo\\chalk-app\\app\\report\\[token].tsx": {"path":"C:\\Users\\yejin\\Downloads\\cryo\\chalk-app\\app\\report\\[token].tsx","statementMap":{"0":{"start":{"line":43,"column":22},"end":{"line":43,"column":63}},"1":{"start":{"line":44,"column":32},"end":{"line":44,"column":65}},"2":{"start":{"line":45,"column":34},"end":{"line":45,"column":48}},"3":{"start":{"line":46,"column":30},"end":{"line":46,"column":59}},"4":{"start":{"line":48,"column":4},"end":{"line":50,"column":16}},"5":{"start":{"line":49,"column":8},"end":{"line":49,"column":22}},"6":{"start":{"line":52,"column":24},"end":{"line":93,"column":5}},"7":{"start":{"line":53,"column":8},"end":{"line":57,"column":9}},"8":{"start":{"line":54,"column":12},"end":{"line":54,"column":34}},"9":{"start":{"line":55,"column":12},"end":{"line":55,"column":30}},"10":{"start":{"line":56,"column":12},"end":{"line":56,"column":19}},"11":{"start":{"line":59,"column":8},"end":{"line":92,"column":9}},"12":{"start":{"line":61,"column":48},"end":{"line":69,"column":25}},"13":{"start":{"line":71,"column":12},"end":{"line":74,"column":13}},"14":{"start":{"line":72,"column":16},"end":{"line":72,"column":43}},"15":{"start":{"line":73,"column":16},"end":{"line":73,"column":23}},"16":{"start":{"line":77,"column":12},"end":{"line":77,"column":67}},"17":{"start":{"line":79,"column":12},"end":{"line":86,"column":15}},"18":{"start":{"line":88,"column":12},"end":{"line":88,"column":57}},"19":{"start":{"line":89,"column":12},"end":{"line":89,"column":42}},"20":{"start":{"line":91,"column":12},"end":{"line":91,"column":30}},"21":{"start":{"line":95,"column":23},"end":{"line":102,"column":5}},"22":{"start":{"line":96,"column":8},"end":{"line":101,"column":11}},"23":{"start":{"line":104,"column":4},"end":{"line":113,"column":5}},"24":{"start":{"line":105,"column":8},"end":{"line":112,"column":10}},"25":{"start":{"line":115,"column":4},"end":{"line":125,"column":5}},"26":{"start":{"line":116,"column":8},"end":{"line":124,"column":10}},"27":{"start":{"line":127,"column":4},"end":{"line":211,"column":6}},"28":{"start":{"line":156,"column":24},"end":{"line":159,"column":31}},"29":{"start":{"line":167,"column":24},"end":{"line":170,"column":31}},"30":{"start":{"line":179,"column":28},"end":{"line":182,"column":35}},"31":{"start":{"line":214,"column":15},"end":{"line":339,"column":2}}},"fnMap":{"0":{"name":"ReportViewPage","decl":{"start":{"line":42,"column":24},"end":{"line":42,"column":38}},"loc":{"start":{"line":42,"column":41},"end":{"line":212,"column":1}},"line":42},"1":{"name":"(anonymous_1)","decl":{"start":{"line":48,"column":14},"end":{"line":48,"column":15}},"loc":{"start":{"line":48,"column":20},"end":{"line":50,"column":5}},"line":48},"2":{"name":"(anonymous_2)","decl":{"start":{"line":52,"column":24},"end":{"line":52,"column":25}},"loc":{"start":{"line":52,"column":36},"end":{"line":93,"column":5}},"line":52},"3":{"name":"(anonymous_3)","decl":{"start":{"line":95,"column":23},"end":{"line":95,"column":24}},"loc":{"start":{"line":95,"column":47},"end":{"line":102,"column":5}},"line":95},"4":{"name":"(anonymous_4)","decl":{"start":{"line":155,"column":47},"end":{"line":155,"column":48}},"loc":{"start":{"line":156,"column":24},"end":{"line":159,"column":31}},"line":156},"5":{"name":"(anonymous_5)","decl":{"start":{"line":166,"column":50},"end":{"line":166,"column":51}},"loc":{"start":{"line":167,"column":24},"end":{"line":170,"column":31}},"line":167},"6":{"name":"(anonymous_6)","decl":{"start":{"line":178,"column":57},"end":{"line":178,"column":58}},"loc":{"start":{"line":179,"column":28},"end":{"line":182,"column":35}},"line":179}},"branchMap":{"0":{"loc":{"start":{"line":53,"column":8},"end":{"line":57,"column":9}},"type":"if","locations":[{"start":{"line":53,"column":8},"end":{"line":57,"column":9}},{"start":{},"end":{}}],"line":53},"1":{"loc":{"start":{"line":71,"column":12},"end":{"line":74,"column":13}},"type":"if","locations":[{"start":{"line":71,"column":12},"end":{"line":74,"column":13}},{"start":{},"end":{}}],"line":71},"2":{"loc":{"start":{"line":71,"column":16},"end":{"line":71,"column":35}},"type":"binary-expr","locations":[{"start":{"line":71,"column":16},"end":{"line":71,"column":26}},{"start":{"line":71,"column":30},"end":{"line":71,"column":35}}],"line":71},"3":{"loc":{"start":{"line":81,"column":25},"end":{"line":83,"column":34}},"type":"cond-expr","locations":[{"start":{"line":82,"column":22},"end":{"line":82,"column":46}},{"start":{"line":83,"column":22},"end":{"line":83,"column":34}}],"line":81},"4":{"loc":{"start":{"line":104,"column":4},"end":{"line":113,"column":5}},"type":"if","locations":[{"start":{"line":104,"column":4},"end":{"line":113,"column":5}},{"start":{},"end":{}}],"line":104},"5":{"loc":{"start":{"line":115,"column":4},"end":{"line":125,"column":5}},"type":"if","locations":[{"start":{"line":115,"column":4},"end":{"line":125,"column":5}},{"start":{},"end":{}}],"line":115},"6":{"loc":{"start":{"line":115,"column":8},"end":{"line":115,"column":24}},"type":"binary-expr","locations":[{"start":{"line":115,"column":8},"end":{"line":115,"column":13}},{"start":{"line":115,"column":17},"end":{"line":115,"column":24}}],"line":115},"7":{"loc":{"start":{"line":121,"column":55},"end":{"line":121,"column":75}},"type":"binary-expr","locations":[{"start":{"line":121,"column":55},"end":{"line":121,"column":60}},{"start":{"line":121,"column":64},"end":{"line":121,"column":75}}],"line":121},"8":{"loc":{"start":{"line":175,"column":17},"end":{"line":185,"column":17}},"type":"binary-expr","locations":[{"start":{"line":175,"column":17},"end":{"line":175,"column":55}},{"start":{"line":176,"column":20},"end":{"line":184,"column":27}}],"line":175},"9":{"loc":{"start":{"line":188,"column":17},"end":{"line":195,"column":17}},"type":"binary-expr","locations":[{"start":{"line":188,"column":17},"end":{"line":188,"column":40}},{"start":{"line":189,"column":20},"end":{"line":194,"column":27}}],"line":188},"10":{"loc":{"start":{"line":198,"column":17},"end":{"line":203,"column":17}},"type":"binary-expr","locations":[{"start":{"line":198,"column":17},"end":{"line":198,"column":40}},{"start":{"line":199,"column":20},"end":{"line":202,"column":27}}],"line":198}},"s":{"0":0,"1":0,"2":0,"3":0,"4":0,"5":0,"6":0,"7":0,"8":0,"9":0,"10":0,"11":0,"12":0,"13":0,"14":0,"15":0,"16":0,"17":0,"18":0,"19":0,"20":0,"21":0,"22":0,"23":0,"24":0,"25":0,"26":0,"27":0,"28":0,"29":0,"30":0,"31":0},"f":{"0":0,"1":0,"2":0,"3":0,"4":0,"5":0,"6":0},"b":{"0":[0,0],"1":[0,0],"2":[0,0],"3":[0,0],"4":[0,0],"5":[0,0],"6":[0,0],"7":[0,0],"8":[0,0],"9":[0,0],"10":[0,0]}}
,"C:\\Users\\yejin\\Downloads\\cryo\\chalk-app\\app\\sessions\\add.tsx": {"path":"C:\\Users\\yejin\\Downloads\\cryo\\chalk-app\\app\\sessions\\add.tsx","statementMap":{"0":{"start":{"line":23,"column":40},"end":{"line":23,"column":50}},"1":{"start":{"line":24,"column":38},"end":{"line":24,"column":53}},"2":{"start":{"line":25,"column":50},"end":{"line":25,"column":79}},"3":{"start":{"line":27,"column":28},"end":{"line":32,"column":6}},"4":{"start":{"line":34,"column":23},"end":{"line":36,"column":5}},"5":{"start":{"line":35,"column":8},"end":{"line":35,"column":53}},"6":{"start":{"line":35,"column":25},"end":{"line":35,"column":50}},"7":{"start":{"line":38,"column":25},"end":{"line":73,"column":5}},"8":{"start":{"line":39,"column":8},"end":{"line":42,"column":9}},"9":{"start":{"line":40,"column":12},"end":{"line":40,"column":51}},"10":{"start":{"line":41,"column":12},"end":{"line":41,"column":19}},"11":{"start":{"line":44,"column":8},"end":{"line":44,"column":27}},"12":{"start":{"line":45,"column":24},"end":{"line":45,"column":68}},"13":{"start":{"line":45,"column":43},"end":{"line":45,"column":67}},"14":{"start":{"line":47,"column":8},"end":{"line":72,"column":9}},"15":{"start":{"line":48,"column":34},"end":{"line":48,"column":74}},"16":{"start":{"line":50,"column":30},"end":{"line":57,"column":14}},"17":{"start":{"line":59,"column":12},"end":{"line":59,"column":35}},"18":{"start":{"line":59,"column":23},"end":{"line":59,"column":35}},"19":{"start":{"line":61,"column":12},"end":{"line":61,"column":34}},"20":{"start":{"line":62,"column":12},"end":{"line":64,"column":15}},"21":{"start":{"line":63,"column":45},"end":{"line":63,"column":58}},"22":{"start":{"line":66,"column":12},"end":{"line":66,"column":58}},"23":{"start":{"line":67,"column":12},"end":{"line":69,"column":15}},"24":{"start":{"line":68,"column":45},"end":{"line":68,"column":58}},"25":{"start":{"line":71,"column":12},"end":{"line":71,"column":32}},"26":{"start":{"line":75,"column":4},"end":{"line":190,"column":6}},"27":{"start":{"line":79,"column":49},"end":{"line":79,"column":62}},"28":{"start":{"line":97,"column":39},"end":{"line":97,"column":67}},"29":{"start":{"line":105,"column":28},"end":{"line":120,"column":47}},"30":{"start":{"line":111,"column":47},"end":{"line":111,"column":77}},"31":{"start":{"line":136,"column":49},"end":{"line":136,"column":70}},"32":{"start":{"line":147,"column":49},"end":{"line":147,"column":70}},"33":{"start":{"line":156,"column":28},"end":{"line":170,"column":47}},"34":{"start":{"line":162,"column":47},"end":{"line":162,"column":72}},"35":{"start":{"line":183,"column":45},"end":{"line":183,"column":67}},"36":{"start":{"line":193,"column":15},"end":{"line":330,"column":2}}},"fnMap":{"0":{"name":"AddSessionScreen","decl":{"start":{"line":22,"column":24},"end":{"line":22,"column":40}},"loc":{"start":{"line":22,"column":43},"end":{"line":191,"column":1}},"line":22},"1":{"name":"(anonymous_1)","decl":{"start":{"line":34,"column":23},"end":{"line":34,"column":24}},"loc":{"start":{"line":34,"column":55},"end":{"line":36,"column":5}},"line":34},"2":{"name":"(anonymous_2)","decl":{"start":{"line":35,"column":16},"end":{"line":35,"column":17}},"loc":{"start":{"line":35,"column":25},"end":{"line":35,"column":50}},"line":35},"3":{"name":"(anonymous_3)","decl":{"start":{"line":38,"column":25},"end":{"line":38,"column":26}},"loc":{"start":{"line":38,"column":37},"end":{"line":73,"column":5}},"line":38},"4":{"name":"(anonymous_4)","decl":{"start":{"line":45,"column":38},"end":{"line":45,"column":39}},"loc":{"start":{"line":45,"column":43},"end":{"line":45,"column":67}},"line":45},"5":{"name":"(anonymous_5)","decl":{"start":{"line":63,"column":39},"end":{"line":63,"column":40}},"loc":{"start":{"line":63,"column":45},"end":{"line":63,"column":58}},"line":63},"6":{"name":"(anonymous_6)","decl":{"start":{"line":68,"column":39},"end":{"line":68,"column":40}},"loc":{"start":{"line":68,"column":45},"end":{"line":68,"column":58}},"line":68},"7":{"name":"(anonymous_7)","decl":{"start":{"line":79,"column":43},"end":{"line":79,"column":44}},"loc":{"start":{"line":79,"column":49},"end":{"line":79,"column":62}},"line":79},"8":{"name":"(anonymous_8)","decl":{"start":{"line":97,"column":33},"end":{"line":97,"column":34}},"loc":{"start":{"line":97,"column":39},"end":{"line":97,"column":67}},"line":97},"9":{"name":"(anonymous_9)","decl":{"start":{"line":104,"column":38},"end":{"line":104,"column":39}},"loc":{"start":{"line":105,"column":28},"end":{"line":120,"column":47}},"line":105},"10":{"name":"(anonymous_10)","decl":{"start":{"line":111,"column":41},"end":{"line":111,"column":42}},"loc":{"start":{"line":111,"column":47},"end":{"line":111,"column":77}},"line":111},"11":{"name":"(anonymous_11)","decl":{"start":{"line":136,"column":42},"end":{"line":136,"column":43}},"loc":{"start":{"line":136,"column":49},"end":{"line":136,"column":70}},"line":136},"12":{"name":"(anonymous_12)","decl":{"start":{"line":147,"column":42},"end":{"line":147,"column":43}},"loc":{"start":{"line":147,"column":49},"end":{"line":147,"column":70}},"line":147},"13":{"name":"(anonymous_13)","decl":{"start":{"line":155,"column":61},"end":{"line":155,"column":62}},"loc":{"start":{"line":156,"column":28},"end":{"line":170,"column":47}},"line":156},"14":{"name":"(anonymous_14)","decl":{"start":{"line":162,"column":41},"end":{"line":162,"column":42}},"loc":{"start":{"line":162,"column":47},"end":{"line":162,"column":72}},"line":162},"15":{"name":"(anonymous_15)","decl":{"start":{"line":183,"column":38},"end":{"line":183,"column":39}},"loc":{"start":{"line":183,"column":45},"end":{"line":183,"column":67}},"line":183}},"branchMap":{"0":{"loc":{"start":{"line":39,"column":8},"end":{"line":42,"column":9}},"type":"if","locations":[{"start":{"line":39,"column":8},"end":{"line":42,"column":9}},{"start":{},"end":{}}],"line":39},"1":{"loc":{"start":{"line":52,"column":30},"end":{"line":52,"column":56}},"type":"binary-expr","locations":[{"start":{"line":52,"column":30},"end":{"line":52,"column":43}},{"start":{"line":52,"column":47},"end":{"line":52,"column":56}}],"line":52},"2":{"loc":{"start":{"line":53,"column":25},"end":{"line":53,"column":54}},"type":"binary-expr","locations":[{"start":{"line":53,"column":25},"end":{"line":53,"column":41}},{"start":{"line":53,"column":45},"end":{"line":53,"column":54}}],"line":53},"3":{"loc":{"start":{"line":55,"column":34},"end":{"line":55,"column":63}},"type":"binary-expr","locations":[{"start":{"line":55,"column":34},"end":{"line":55,"column":57}},{"start":{"line":55,"column":61},"end":{"line":55,"column":63}}],"line":55},"4":{"loc":{"start":{"line":59,"column":12},"end":{"line":59,"column":35}},"type":"if","locations":[{"start":{"line":59,"column":12},"end":{"line":59,"column":35}},{"start":{},"end":{}}],"line":59},"5":{"loc":{"start":{"line":84,"column":53},"end":{"line":84,"column":91}},"type":"binary-expr","locations":[{"start":{"line":84,"column":53},"end":{"line":84,"column":62}},{"start":{"line":84,"column":66},"end":{"line":84,"column":91}}],"line":84},"6":{"loc":{"start":{"line":85,"column":25},"end":{"line":85,"column":53}},"type":"cond-expr","locations":[{"start":{"line":85,"column":37},"end":{"line":85,"column":46}},{"start":{"line":85,"column":49},"end":{"line":85,"column":53}}],"line":85},"7":{"loc":{"start":{"line":94,"column":17},"end":{"line":123,"column":17}},"type":"cond-expr","locations":[{"start":{"line":95,"column":20},"end":{"line":101,"column":39}},{"start":{"line":103,"column":20},"end":{"line":122,"column":27}}],"line":94},"8":{"loc":{"start":{"line":109,"column":36},"end":{"line":109,"column":96}},"type":"binary-expr","locations":[{"start":{"line":109,"column":36},"end":{"line":109,"column":66}},{"start":{"line":109,"column":70},"end":{"line":109,"column":96}}],"line":109},"9":{"loc":{"start":{"line":115,"column":36},"end":{"line":115,"column":100}},"type":"binary-expr","locations":[{"start":{"line":115,"column":36},"end":{"line":115,"column":66}},{"start":{"line":115,"column":70},"end":{"line":115,"column":100}}],"line":115},"10":{"loc":{"start":{"line":160,"column":36},"end":{"line":160,"column":86}},"type":"binary-expr","locations":[{"start":{"line":160,"column":36},"end":{"line":160,"column":55}},{"start":{"line":160,"column":59},"end":{"line":160,"column":86}}],"line":160},"11":{"loc":{"start":{"line":166,"column":36},"end":{"line":166,"column":86}},"type":"binary-expr","locations":[{"start":{"line":166,"column":36},"end":{"line":166,"column":55}},{"start":{"line":166,"column":59},"end":{"line":166,"column":86}}],"line":166}},"s":{"0":0,"1":0,"2":0,"3":0,"4":0,"5":0,"6":0,"7":0,"8":0,"9":0,"10":0,"11":0,"12":0,"13":0,"14":0,"15":0,"16":0,"17":0,"18":0,"19":0,"20":0,"21":0,"22":0,"23":0,"24":0,"25":0,"26":0,"27":0,"28":0,"29":0,"30":0,"31":0,"32":0,"33":0,"34":0,"35":0,"36":0},"f":{"0":0,"1":0,"2":0,"3":0,"4":0,"5":0,"6":0,"7":0,"8":0,"9":0,"10":0,"11":0,"12":0,"13":0,"14":0,"15":0},"b":{"0":[0,0],"1":[0,0],"2":[0,0],"3":[0,0],"4":[0,0],"5":[0,0],"6":[0,0],"7":[0,0],"8":[0,0],"9":[0,0],"10":[0,0],"11":[0,0]}}
,"C:\\Users\\yejin\\Downloads\\cryo\\chalk-app\\app\\students\\[id].tsx": {"path":"C:\\Users\\yejin\\Downloads\\cryo\\chalk-app\\app\\students\\[id].tsx","statementMap":{"0":{"start":{"line":20,"column":4},"end":{"line":20,"column":50}},"1":{"start":{"line":20,"column":21},"end":{"line":20,"column":50}},"2":{"start":{"line":21,"column":4},"end":{"line":21,"column":50}},"3":{"start":{"line":21,"column":21},"end":{"line":21,"column":50}},"4":{"start":{"line":22,"column":4},"end":{"line":22,"column":50}},"5":{"start":{"line":22,"column":21},"end":{"line":22,"column":50}},"6":{"start":{"line":23,"column":4},"end":{"line":23,"column":29}},"7":{"start":{"line":27,"column":19},"end":{"line":27,"column":57}},"8":{"start":{"line":28,"column":35},"end":{"line":28,"column":45}},"9":{"start":{"line":29,"column":34},"end":{"line":29,"column":53}},"10":{"start":{"line":31,"column":4},"end":{"line":34,"column":23}},"11":{"start":{"line":32,"column":22},"end":{"line":32,"column":54}},"12":{"start":{"line":32,"column":42},"end":{"line":32,"column":53}},"13":{"start":{"line":33,"column":8},"end":{"line":33,"column":26}},"14":{"start":{"line":36,"column":4},"end":{"line":51,"column":5}},"15":{"start":{"line":37,"column":8},"end":{"line":50,"column":10}},"16":{"start":{"line":40,"column":53},"end":{"line":40,"column":66}},"17":{"start":{"line":54,"column":28},"end":{"line":54,"column":76}},"18":{"start":{"line":54,"column":50},"end":{"line":54,"column":69}},"19":{"start":{"line":55,"column":26},"end":{"line":55,"column":48}},"20":{"start":{"line":56,"column":23},"end":{"line":56,"column":99}},"21":{"start":{"line":56,"column":58},"end":{"line":56,"column":90}},"22":{"start":{"line":59,"column":24},"end":{"line":64,"column":5}},"23":{"start":{"line":66,"column":4},"end":{"line":182,"column":6}},"24":{"start":{"line":70,"column":49},"end":{"line":70,"column":62}},"25":{"start":{"line":109,"column":24},"end":{"line":125,"column":31}},"26":{"start":{"line":138,"column":28},"end":{"line":164,"column":35}},"27":{"start":{"line":173,"column":24},"end":{"line":173,"column":72}},"28":{"start":{"line":174,"column":24},"end":{"line":174,"column":50}},"29":{"start":{"line":185,"column":15},"end":{"line":368,"column":2}}},"fnMap":{"0":{"name":"getScoreColor","decl":{"start":{"line":19,"column":9},"end":{"line":19,"column":22}},"loc":{"start":{"line":19,"column":46},"end":{"line":24,"column":1}},"line":19},"1":{"name":"StudentDetailScreen","decl":{"start":{"line":26,"column":24},"end":{"line":26,"column":43}},"loc":{"start":{"line":26,"column":46},"end":{"line":183,"column":1}},"line":26},"2":{"name":"(anonymous_2)","decl":{"start":{"line":31,"column":14},"end":{"line":31,"column":15}},"loc":{"start":{"line":31,"column":20},"end":{"line":34,"column":5}},"line":31},"3":{"name":"(anonymous_3)","decl":{"start":{"line":32,"column":37},"end":{"line":32,"column":38}},"loc":{"start":{"line":32,"column":42},"end":{"line":32,"column":53}},"line":32},"4":{"name":"(anonymous_4)","decl":{"start":{"line":40,"column":47},"end":{"line":40,"column":48}},"loc":{"start":{"line":40,"column":53},"end":{"line":40,"column":66}},"line":40},"5":{"name":"(anonymous_5)","decl":{"start":{"line":54,"column":45},"end":{"line":54,"column":46}},"loc":{"start":{"line":54,"column":50},"end":{"line":54,"column":69}},"line":54},"6":{"name":"(anonymous_6)","decl":{"start":{"line":56,"column":46},"end":{"line":56,"column":47}},"loc":{"start":{"line":56,"column":58},"end":{"line":56,"column":90}},"line":56},"7":{"name":"(anonymous_7)","decl":{"start":{"line":70,"column":43},"end":{"line":70,"column":44}},"loc":{"start":{"line":70,"column":49},"end":{"line":70,"column":62}},"line":70},"8":{"name":"(anonymous_8)","decl":{"start":{"line":108,"column":37},"end":{"line":108,"column":38}},"loc":{"start":{"line":109,"column":24},"end":{"line":125,"column":31}},"line":109},"9":{"name":"(anonymous_9)","decl":{"start":{"line":137,"column":56},"end":{"line":137,"column":57}},"loc":{"start":{"line":138,"column":28},"end":{"line":164,"column":35}},"line":138},"10":{"name":"(anonymous_10)","decl":{"start":{"line":172,"column":29},"end":{"line":172,"column":30}},"loc":{"start":{"line":172,"column":35},"end":{"line":175,"column":21}},"line":172}},"branchMap":{"0":{"loc":{"start":{"line":20,"column":4},"end":{"line":20,"column":50}},"type":"if","locations":[{"start":{"line":20,"column":4},"end":{"line":20,"column":50}},{"start":{},"end":{}}],"line":20},"1":{"loc":{"start":{"line":21,"column":4},"end":{"line":21,"column":50}},"type":"if","locations":[{"start":{"line":21,"column":4},"end":{"line":21,"column":50}},{"start":{},"end":{}}],"line":21},"2":{"loc":{"start":{"line":22,"column":4},"end":{"line":22,"column":50}},"type":"if","locations":[{"start":{"line":22,"column":4},"end":{"line":22,"column":50}},{"start":{},"end":{}}],"line":22},"3":{"loc":{"start":{"line":36,"column":4},"end":{"line":51,"column":5}},"type":"if","locations":[{"start":{"line":36,"column":4},"end":{"line":51,"column":5}},{"start":{},"end":{}}],"line":36},"4":{"loc":{"start":{"line":54,"column":28},"end":{"line":54,"column":76}},"type":"binary-expr","locations":[{"start":{"line":54,"column":28},"end":{"line":54,"column":70}},{"start":{"line":54,"column":74},"end":{"line":54,"column":76}}],"line":54},"5":{"loc":{"start":{"line":56,"column":65},"end":{"line":56,"column":89}},"type":"binary-expr","locations":[{"start":{"line":56,"column":65},"end":{"line":56,"column":83}},{"start":{"line":56,"column":87},"end":{"line":56,"column":89}}],"line":56},"6":{"loc":{"start":{"line":132,"column":21},"end":{"line":166,"column":21}},"type":"cond-expr","locations":[{"start":{"line":133,"column":24},"end":{"line":135,"column":31}},{"start":{"line":137,"column":24},"end":{"line":165,"column":26}}],"line":132},"7":{"loc":{"start":{"line":142,"column":36},"end":{"line":142,"column":97}},"type":"binary-expr","locations":[{"start":{"line":142,"column":36},"end":{"line":142,"column":70}},{"start":{"line":142,"column":74},"end":{"line":142,"column":97}}],"line":142},"8":{"loc":{"start":{"line":150,"column":41},"end":{"line":150,"column":71}},"type":"binary-expr","locations":[{"start":{"line":150,"column":41},"end":{"line":150,"column":65}},{"start":{"line":150,"column":69},"end":{"line":150,"column":71}}],"line":150},"9":{"loc":{"start":{"line":155,"column":36},"end":{"line":155,"column":92}},"type":"binary-expr","locations":[{"start":{"line":155,"column":36},"end":{"line":155,"column":66}},{"start":{"line":155,"column":70},"end":{"line":155,"column":92}}],"line":155},"10":{"loc":{"start":{"line":159,"column":40},"end":{"line":159,"column":100}},"type":"binary-expr","locations":[{"start":{"line":159,"column":40},"end":{"line":159,"column":70}},{"start":{"line":159,"column":74},"end":{"line":159,"column":100}}],"line":159}},"s":{"0":0,"1":0,"2":0,"3":0,"4":0,"5":0,"6":0,"7":0,"8":0,"9":0,"10":0,"11":0,"12":0,"13":0,"14":0,"15":0,"16":0,"17":0,"18":0,"19":0,"20":0,"21":0,"22":0,"23":0,"24":0,"25":0,"26":0,"27":0,"28":0,"29":0},"f":{"0":0,"1":0,"2":0,"3":0,"4":0,"5":0,"6":0,"7":0,"8":0,"9":0,"10":0},"b":{"0":[0,0],"1":[0,0],"2":[0,0],"3":[0,0],"4":[0,0],"5":[0,0],"6":[0,0],"7":[0,0],"8":[0,0],"9":[0,0],"10":[0,0]}}
,"C:\\Users\\yejin\\Downloads\\cryo\\chalk-app\\app\\students\\add.tsx": {"path":"C:\\Users\\yejin\\Downloads\\cryo\\chalk-app\\app\\students\\add.tsx","statementMap":{"0":{"start":{"line":23,"column":17},"end":{"line":31,"column":1}},"1":{"start":{"line":34,"column":28},"end":{"line":34,"column":40}},"2":{"start":{"line":35,"column":34},"end":{"line":35,"column":46}},"3":{"start":{"line":36,"column":36},"end":{"line":36,"column":48}},"4":{"start":{"line":37,"column":38},"end":{"line":37,"column":53}},"5":{"start":{"line":38,"column":42},"end":{"line":38,"column":52}},"6":{"start":{"line":40,"column":25},"end":{"line":80,"column":5}},"7":{"start":{"line":41,"column":8},"end":{"line":44,"column":9}},"8":{"start":{"line":42,"column":12},"end":{"line":42,"column":62}},"9":{"start":{"line":43,"column":12},"end":{"line":43,"column":19}},"10":{"start":{"line":45,"column":8},"end":{"line":48,"column":9}},"11":{"start":{"line":46,"column":12},"end":{"line":46,"column":60}},"12":{"start":{"line":47,"column":12},"end":{"line":47,"column":19}},"13":{"start":{"line":50,"column":8},"end":{"line":50,"column":27}},"14":{"start":{"line":51,"column":8},"end":{"line":79,"column":9}},"15":{"start":{"line":52,"column":30},"end":{"line":57,"column":18}},"16":{"start":{"line":59,"column":12},"end":{"line":59,"column":35}},"17":{"start":{"line":59,"column":23},"end":{"line":59,"column":35}},"18":{"start":{"line":61,"column":12},"end":{"line":61,"column":34}},"19":{"start":{"line":62,"column":12},"end":{"line":62,"column":65}},"20":{"start":{"line":63,"column":12},"end":{"line":63,"column":26}},"21":{"start":{"line":66,"column":12},"end":{"line":66,"column":57}},"22":{"start":{"line":67,"column":31},"end":{"line":72,"column":13}},"23":{"start":{"line":73,"column":12},"end":{"line":73,"column":35}},"24":{"start":{"line":75,"column":12},"end":{"line":75,"column":65}},"25":{"start":{"line":76,"column":12},"end":{"line":76,"column":26}},"26":{"start":{"line":78,"column":12},"end":{"line":78,"column":32}},"27":{"start":{"line":82,"column":4},"end":{"line":158,"column":6}},"28":{"start":{"line":86,"column":49},"end":{"line":86,"column":62}},"29":{"start":{"line":120,"column":32},"end":{"line":136,"column":51}},"30":{"start":{"line":126,"column":51},"end":{"line":126,"column":64}},"31":{"start":{"line":161,"column":15},"end":{"line":240,"column":2}}},"fnMap":{"0":{"name":"AddStudentScreen","decl":{"start":{"line":33,"column":24},"end":{"line":33,"column":40}},"loc":{"start":{"line":33,"column":43},"end":{"line":159,"column":1}},"line":33},"1":{"name":"(anonymous_1)","decl":{"start":{"line":40,"column":25},"end":{"line":40,"column":26}},"loc":{"start":{"line":40,"column":37},"end":{"line":80,"column":5}},"line":40},"2":{"name":"(anonymous_2)","decl":{"start":{"line":86,"column":43},"end":{"line":86,"column":44}},"loc":{"start":{"line":86,"column":49},"end":{"line":86,"column":62}},"line":86},"3":{"name":"(anonymous_3)","decl":{"start":{"line":119,"column":42},"end":{"line":119,"column":43}},"loc":{"start":{"line":120,"column":32},"end":{"line":136,"column":51}},"line":120},"4":{"name":"(anonymous_4)","decl":{"start":{"line":126,"column":45},"end":{"line":126,"column":46}},"loc":{"start":{"line":126,"column":51},"end":{"line":126,"column":64}},"line":126}},"branchMap":{"0":{"loc":{"start":{"line":41,"column":8},"end":{"line":44,"column":9}},"type":"if","locations":[{"start":{"line":41,"column":8},"end":{"line":44,"column":9}},{"start":{},"end":{}}],"line":41},"1":{"loc":{"start":{"line":45,"column":8},"end":{"line":48,"column":9}},"type":"if","locations":[{"start":{"line":45,"column":8},"end":{"line":48,"column":9}},{"start":{},"end":{}}],"line":45},"2":{"loc":{"start":{"line":59,"column":12},"end":{"line":59,"column":35}},"type":"if","locations":[{"start":{"line":59,"column":12},"end":{"line":59,"column":35}},{"start":{},"end":{}}],"line":59},"3":{"loc":{"start":{"line":91,"column":51},"end":{"line":91,"column":87}},"type":"binary-expr","locations":[{"start":{"line":91,"column":51},"end":{"line":91,"column":60}},{"start":{"line":91,"column":64},"end":{"line":91,"column":87}}],"line":91},"4":{"loc":{"start":{"line":92,"column":25},"end":{"line":92,"column":57}},"type":"cond-expr","locations":[{"start":{"line":92,"column":37},"end":{"line":92,"column":48}},{"start":{"line":92,"column":51},"end":{"line":92,"column":57}}],"line":92},"5":{"loc":{"start":{"line":98,"column":26},"end":{"line":98,"column":70}},"type":"cond-expr","locations":[{"start":{"line":98,"column":50},"end":{"line":98,"column":59}},{"start":{"line":98,"column":62},"end":{"line":98,"column":70}}],"line":98},"6":{"loc":{"start":{"line":124,"column":40},"end":{"line":124,"column":81}},"type":"binary-expr","locations":[{"start":{"line":124,"column":40},"end":{"line":124,"column":53}},{"start":{"line":124,"column":57},"end":{"line":124,"column":81}}],"line":124},"7":{"loc":{"start":{"line":131,"column":44},"end":{"line":131,"column":89}},"type":"binary-expr","locations":[{"start":{"line":131,"column":44},"end":{"line":131,"column":57}},{"start":{"line":131,"column":61},"end":{"line":131,"column":89}}],"line":131}},"s":{"0":0,"1":0,"2":0,"3":0,"4":0,"5":0,"6":0,"7":0,"8":0,"9":0,"10":0,"11":0,"12":0,"13":0,"14":0,"15":0,"16":0,"17":0,"18":0,"19":0,"20":0,"21":0,"22":0,"23":0,"24":0,"25":0,"26":0,"27":0,"28":0,"29":0,"30":0,"31":0},"f":{"0":0,"1":0,"2":0,"3":0,"4":0},"b":{"0":[0,0],"1":[0,0],"2":[0,0],"3":[0,0],"4":[0,0],"5":[0,0],"6":[0,0],"7":[0,0]}}
,"C:\\Users\\yejin\\Downloads\\cryo\\chalk-app\\app\\students\\index.tsx": {"path":"C:\\Users\\yejin\\Downloads\\cryo\\chalk-app\\app\\students\\index.tsx","statementMap":{"0":{"start":{"line":21,"column":4},"end":{"line":21,"column":50}},"1":{"start":{"line":21,"column":21},"end":{"line":21,"column":50}},"2":{"start":{"line":22,"column":4},"end":{"line":22,"column":50}},"3":{"start":{"line":22,"column":21},"end":{"line":22,"column":50}},"4":{"start":{"line":23,"column":4},"end":{"line":23,"column":50}},"5":{"start":{"line":23,"column":21},"end":{"line":23,"column":50}},"6":{"start":{"line":24,"column":4},"end":{"line":24,"column":29}},"7":{"start":{"line":28,"column":51},"end":{"line":28,"column":61}},"8":{"start":{"line":29,"column":32},"end":{"line":29,"column":50}},"9":{"start":{"line":31,"column":4},"end":{"line":33,"column":11}},"10":{"start":{"line":32,"column":8},"end":{"line":32,"column":24}},"11":{"start":{"line":35,"column":29},"end":{"line":37,"column":11}},"12":{"start":{"line":36,"column":8},"end":{"line":36,"column":59}},"13":{"start":{"line":39,"column":4},"end":{"line":117,"column":6}},"14":{"start":{"line":43,"column":49},"end":{"line":43,"column":62}},"15":{"start":{"line":47,"column":49},"end":{"line":47,"column":77}},"16":{"start":{"line":75,"column":43},"end":{"line":75,"column":71}},"17":{"start":{"line":84,"column":28},"end":{"line":111,"column":47}},"18":{"start":{"line":87,"column":47},"end":{"line":87,"column":92}},"19":{"start":{"line":120,"column":15},"end":{"line":256,"column":2}}},"fnMap":{"0":{"name":"getScoreColor","decl":{"start":{"line":20,"column":9},"end":{"line":20,"column":22}},"loc":{"start":{"line":20,"column":46},"end":{"line":25,"column":1}},"line":20},"1":{"name":"StudentsScreen","decl":{"start":{"line":27,"column":24},"end":{"line":27,"column":38}},"loc":{"start":{"line":27,"column":41},"end":{"line":118,"column":1}},"line":27},"2":{"name":"(anonymous_2)","decl":{"start":{"line":31,"column":14},"end":{"line":31,"column":15}},"loc":{"start":{"line":31,"column":20},"end":{"line":33,"column":5}},"line":31},"3":{"name":"(anonymous_3)","decl":{"start":{"line":35,"column":46},"end":{"line":35,"column":47}},"loc":{"start":{"line":36,"column":8},"end":{"line":36,"column":59}},"line":36},"4":{"name":"(anonymous_4)","decl":{"start":{"line":43,"column":43},"end":{"line":43,"column":44}},"loc":{"start":{"line":43,"column":49},"end":{"line":43,"column":62}},"line":43},"5":{"name":"(anonymous_5)","decl":{"start":{"line":47,"column":43},"end":{"line":47,"column":44}},"loc":{"start":{"line":47,"column":49},"end":{"line":47,"column":77}},"line":47},"6":{"name":"(anonymous_6)","decl":{"start":{"line":75,"column":37},"end":{"line":75,"column":38}},"loc":{"start":{"line":75,"column":43},"end":{"line":75,"column":71}},"line":75},"7":{"name":"(anonym
[...]
,"C:\\Users\\yejin\\Downloads\\cryo\\chalk-app\\supabase\\functions\\recall-webhook\\index.ts": {"path":"C:\\Users\\yejin\\Downloads\\cryo\\chalk-app\\supabase\\functions\\recall-webhook\\index.ts","statementMap":{"0":{"start":{"line":9,"column":20},"end":{"line":12,"column":1}},"1":{"start":{"line":14,"column":23},"end":{"line":14,"column":53}},"2":{"start":{"line":15,"column":23},"end":{"line":15,"column":113}},"3":{"start":{"line":39,"column":0},"end":{"line":142,"column":3}},"4":{"start":{"line":40,"column":4},"end":{"line":42,"column":5}},"5":{"start":{"line":41,"column":8},"end":{"line":41,"column":60}},"6":{"start":{"line":44,"column":4},"end":{"line":141,"column":5}},"7":{"start":{"line":45,"column":40},"end":{"line":45,"column":56}},"8":{"start":{"line":46,"column":8},"end":{"line":46,"column":58}},"9":{"start":{"line":49,"column":8},"end":{"line":53,"column":9}},"10":{"start":{"line":50,"column":12},"end":{"line":52,"column":15}},"11":{"start":{"line":55,"column":49},"end":{"line":55,"column":61}},"12":{"start":{"line":56,"column":26},"end":{"line":56,"column":46}},"13":{"start":{"line":57,"column":28},"end":{"line":57,"column":50}},"14":{"start":{"line":59,"column":8},"end":{"line":65,"column":9}},"15":{"start":{"line":60,"column":12},"end":{"line":60,"column":60}},"16":{"start":{"line":61,"column":12},"end":{"line":64,"column":15}},"17":{"start":{"line":68,"column":31},"end":{"line":70,"column":23}},"18":{"start":{"line":69,"column":24},"end":{"line":69,"column":55}},"19":{"start":{"line":73,"column":23},"end":{"line":73,"column":82}},"20":{"start":{"line":76,"column":25},"end":{"line":79,"column":9}},"21":{"start":{"line":82,"column":8},"end":{"line":90,"column":9}},"22":{"start":{"line":83,"column":12},"end":{"line":89,"column":37}},"23":{"start":{"line":93,"column":38},"end":{"line":104,"column":21}},"24":{"start":{"line":107,"column":8},"end":{"line":120,"column":9}},"25":{"start":{"line":108,"column":12},"end":{"line":119,"column":13}},"26":{"start":{"line":109,"column":16},"end":{"line":118,"column":65}},"27":{"start":{"line":123,"column":8},"end":{"line":125,"column":9}},"28":{"start":{"line":124,"column":12},"end":{"line":124,"column":68}},"29":{"start":{"line":127,"column":8},"end":{"line":133,"column":10}},"30":{"start":{"line":136,"column":8},"end":{"line":136,"column":49}},"31":{"start":{"line":137,"column":8},"end":{"line":140,"column":10}},"32":{"start":{"line":146,"column":4},"end":{"line":148,"column":5}},"33":{"start":{"line":147,"column":8},"end":{"line":147,"column":42}},"34":{"start":{"line":150,"column":19},"end":{"line":173,"column":1}},"35":{"start":{"line":175,"column":4},"end":{"line":198,"column":5}},"36":{"start":{"line":176,"column":25},"end":{"line":186,"column":10}},"37":{"start":{"line":188,"column":23},"end":{"line":188,"column":44}},"38":{"start":{"line":189,"column":21},"end":{"line":189,"column":76}},"39":{"start":{"line":192,"column":26},"end":{"line":192,"column":51}},"40":{"start":{"line":193,"column":8},"end":{"line":195,"column":9}},"41":{"start":{"line":194,"column":12},"end":{"line":194,"column":44}},"42":{"start":{"line":197,"column":8},"end":{"line":197,"column":48}},"43":{"start":{"line":200,"column":4},"end":{"line":200,"column":38}},"44":{"start":{"line":205,"column":4},"end":{"line":212,"column":6}},"45":{"start":{"line":217,"column":4},"end":{"line":237,"column":15}},"46":{"start":{"line":223,"column":35},"end":{"line":223,"column":43}},"47":{"start":{"line":226,"column":38},"end":{"line":226,"column":46}},"48":{"start":{"line":229,"column":41},"end":{"line":229,"column":49}},"49":{"start":{"line":242,"column":4},"end":{"line":242,"column":27}},"50":{"start":{"line":242,"column":20},"end":{"line":242,"column":27}},"51":{"start":{"line":245,"column":30},"end":{"line":249,"column":17}},"52":{"start":{"line":251,"column":4},"end":{"line":251,"column":37}},"53":{"start":{"line":251,"column":30},"end":{"line":251,"column":37}},"54":{"start":{"line":254,"column":30},"end":{"line":258,"column":17}},"55":{"start":{"line":260,"column":4},"end":{"line":263,"column":5}},"56":{"start":{"line":261,"column":8},"end":{"line":261,"column":56}},"57":{"start":{"line":262,"column":8},"end":{"line":262,"column":15}},"58":{"start":{"line":266,"column":4},"end":{"line":272,"column":7}}},"fnMap":{"0":{"name":"(anonymous_0)","decl":{"start":{"line":39,"column":6},"end":{"line":39,"column":7}},"loc":{"start":{"line":39,"column":21},"end":{"line":142,"column":1}},"line":39},"1":{"name":"(anonymous_1)","decl":{"start":{"line":69,"column":17},"end":{"line":69,"column":18}},"loc":{"start":{"line":69,"column":24},"end":{"line":69,"column":55}},"line":69},"2":{"name":"generateAIReport","decl":{"start":{"line":145,"column":15},"end":{"line":145,"column":31}},"loc":{"start":{"line":145,"column":73},"end":{"line":201,"column":1}},"line":145},"3":{"name":"getDemoReport","decl":{"start":{"line":204,"column":9},"end":{"line":204,"column":22}},"loc":{"start":{"line":204,"column":44},"end":{"line":213,"column":1}},"line":204},"4":{"name":"formatReportForParent","decl":{"start":{"line":216,"column":9},"end":{"line":216,"column":30}},"loc":{"start":{"line":216,"column":73},"end":{"line":238,"column":1}},"line":216},"5":{"name":"(anonymous_5)","decl":{"start":{"line":223,"column":20},"end":{"line":223,"column":21}},"loc":{"start":{"line":223,"column":35},"end":{"line":223,"column":43}},"line":223},"6":{"name":"(anonymous_6)","decl":{"start":{"line":226,"column":23},"end":{"line":226,"column":24}},"loc":{"start":{"line":226,"column":38},"end":{"line":226,"column":46}},"line":226},"7":{"name":"(anonymous_7)","decl":{"start":{"line":229,"column":26},"end":{"line":229,"column":27}},"loc":{"start":{"line":229,"column":41},"end":{"line":229,"column":49}},"line":229},"8":{"name":"sendToParent","decl":{"start":{"line":241,"column":15},"end":{"line":241,"column":27}},"loc":{"start":{"line":241,"column":92},"end":{"line":273,"column":1}},"line":241}},"branchMap":{"0":{"loc":{"start":{"line":40,"column":4},"end":{"line":42,"column":5}},"type":"if","locations":[{"start":{"line":40,"column":4},"end":{"line":42,"column":5}},{"start":{},"end":{}}],"line":40},"1":{"loc":{"start":{"line":49,"column":8},"end":{"line":53,"column":9}},"type":"if","locations":[{"start":{"line":49,"column":8},"end":{"line":53,"column":9}},{"start":{},"end":{}}],"line":49},"2":{"loc":{"start":{"line":59,"column":8},"end":{"line":65,"column":9}},"type":"if","locations":[{"start":{"line":59,"column":8},"end":{"line":65,"column":9}},{"start":{},"end":{}}],"line":59},"3":{"loc":{"start":{"line":59,"column":12},"end":{"line":59,"column":50}},"type":"binary-expr","locations":[{"start":{"line":59,"column":12},"end":{"line":59,"column":23}},{"start":{"line":59,"column":27},"end":{"line":59,"column":50}}],"line":59},"4":{"loc":{"start":{"line":73,"column":62},"end":{"line":73,"column":81}},"type":"binary-expr","locations":[{"start":{"line":73,"column":62},"end":{"line":73,"column":73}},{"start":{"line":73,"column":77},"end":{"line":73,"column":81}}],"line":73},"5":{"loc":{"start":{"line":77,"column":12},"end":{"line":77,"column":46}},"type":"binary-expr","locations":[{"start":{"line":77,"column":12},"end":{"line":77,"column":40}},{"start":{"line":77,"column":44},"end":{"line":77,"column":46}}],"line":77},"6":{"loc":{"start":{"line":78,"column":12},"end":{"line":78,"column":59}},"type":"binary-expr","locations":[{"start":{"line":78,"column":12},"end":{"line":78,"column":53}},{"start":{"line":78,"column":57},"end":{"line":78,"column":59}}],"line":78},"7":{"loc":{"start":{"line":82,"column":8},"end":{"line":90,"column":9}},"type":"if","locations":[{"start":{"line":82,"column":8},"end":{"line":90,"column":9}},{"start":{},"end":{}}],"line":82},"8":{"loc":{"start":{"line":100,"column":65},"end":{"line":100,"column":84}},"type":"binary-expr","locations":[{"start":{"line":100,"column":65},"end":{"line":100,"column":76}},{"start":{"line":100,"column":80},"end":{"line":100,"column":84}}],"line":100},"9":{"loc":{"start":{"line":107,"column":8},"end":{"line":120,"column":9}},"type":"if","locations":[{"start":{"line":107,"column":8},"end":{"line":120,"column":9}},{"start":{},"end":{}}],"line":107},"10":{"loc":{"start":{"line":107,"column":12},"end":{"line":107,"column":95}},"type":"binary-expr","locations":[{"start":{"line":107,"column":12},"end":{"line":107,"column":34}},{"start":{"line":107,"column":38},"end":{"line":107,"column":71}},{"start":{"line":107,"column":75},"end":{"line":107,"column":95}}],"line":107},"11":{"loc":{"start":{"line":115,"column":38},"end":{"line":115,"column":73}},"type":"binary-expr","locations":[{"start":{"line":115,"column":38},"end":{"line":115,"column":60}},{"start":{"line":115,"column":64},"end":{"line":115,"column":73}}],"line":115},"12":{"loc":{"start":{"line":123,"column":8},"end":{"line":125,"column":9}},"type":"if","locations":[{"start":{"line":123,"column":8},"end":{"line":125,"column":9}},{"start":{},"end":{}}],"line":123},"13":{"loc":{"start":{"line":146,"column":4},"end":{"line":148,"column":5}},"type":"if","locations":[{"start":{"line":146,"column":4},"end":{"line":148,"column":5}},{"start":{},"end":{}}],"line":146},"14":{"loc":{"start":{"line":189,"column":21},"end":{"line":189,"column":76}},"type":"binary-expr","locations":[{"start":{"line":189,"column":21},"end":{"line":189,"column":70}},{"start":{"line":189,"column":74},"end":{"line":189,"column":76}}],"line":189},"15":{"loc":{"start":{"line":193,"column":8},"end":{"line":195,"column":9}},"type":"if","locations":[{"start":{"line":193,"column":8},"end":{"line":195,"column":9}},{"start":{},"end":{}}],"line":193},"16":{"loc":{"start":{"line":232,"column":2},"end":{"line":232,"column":25}},"type":"binary-expr","locations":[{"start":{"line":232,"column":2},"end":{"line":232,"column":17}},{"start":{"line":232,"column":21},"end":{"line":232,"column":25}}],"line":232},"17":{"loc":{"start":{"line":235,"column":2},"end":{"line":235,"column":25}},"type":"binary-expr","locations":[{"start":{"line":235,"column":2},"end":{"line":235,"column":17}},{"start":{"line":235,"column":21},"end":{"line":235,"column":25}}],"line":235},"18":{"loc":{"start":{"line":242,"column":4},"end":{"line":242,"column":27}},"type":"if","locations":[{"start":{"line":242,"column":4},"end":{"line":242,"column":27}},{"start":{},"end":{}}],"line":242},"19":{"loc":{"start":{"line":251,"column":4},"end":{"line":251,"column":37}},"type":"if","locations":[{"start":{"line":251,"column":4},"end":{"line":251,"column":37}},{"start":{},"end":{}}],"line":251},"20":{"loc":{"start":{"line":260,"column":4},"end":{"line":263,"column":5}},"type":"if","locations":[{"start":{"line":260,"column":4},"end":{"line":263,"column":5}},{"start":{},"end":{}}],"line":260},"21":{"loc":{"start":{"line":260,"column":8},"end":{"line":260,"column":56}},"type":"binary-expr","locations":[{"start":{"line":260,"column":8},"end":{"line":260,"column":30}},{"start":{"line":260,"column":34},"end":{"line":260,"column":56}}],"line":260},"22":{"loc":{"start":{"line":268,"column":16},"end":{"line":268,"column":60}},"type":"binary-expr","locations":[{"start":{"line":268,"column":16},"end":{"line":268,"column":36}},{"start":{"line":268,"column":40},"end":{"line":268,"column":60}}],"line":268},"23":{"loc":{"start":{"line":269,"column":20},"end":{"line":269,"column":58}},"type":"cond-expr","locations":[{"start":{"line":269,"column":43},"end":{"line":269,"column":48}},{"start":{"line":269,"column":51},"end":{"line":269,"column":58}}],"line":269}},"s":{"0":0,"1":0,"2":0,"3":0,"4":0,"5":0,"6":0,"7":0,"8":0,"9":0,"10":0,"11":0,"12":0,"13":0,"14":0,"15":0,"16":0,"17":0,"18":0,"19":0,"20":0,"21":0,"22":0,"23":0,"24":0,"25":0,"26":0,"27":0,"28":0,"29":0,"30":0,"31":0,"32":0,"33":0,"34":0,"35":0,"36":0,"37":0,"38":0,"39":0,"40":0,"41":0,"42":0,"43":0,"44":0,"45":0,"46":0,"47":0,"48":0,"49":0,"50":0,"51":0,"52":0,"53":0,"54":0,"55":0,"56":0,"57":0,"58":0},"f":{"0":0,"1":0,"2":0,"3":0,"4":0,"5":0,"6":0,"7":0,"8":0},"b":{"0":[0,0],"1":[0,0],"2":[0,0],"3":[0,0],"4":[0,0],"5":[0,0],"6":[0,0],"7":[0,0],"8":[0,0],"9":[0,0],"10":[0,0,0],"11":[0,0],"12":[0,0],"13":[0,0],"14":[0,0],"15":[0,0],"16":[0,0],"17":[0,0],"18":[0,0],"19":[0,0],"20":[0,0],"21":[0,0],"22":[0,0],"23":[0,0]}}
,"C:\\Users\\yejin\\Downloads\\cryo\\chalk-app\\supabase\\functions\\send-notification\\index.ts": {"path":"C:\\Users\\yejin\\Downloads\\cryo\\chalk-app\\supabase\\functions\\send-notification\\index.ts","statementMap":{"0":{"start":{"line":8,"column":20},"end":{"line":11,"column":1}},"1":{"start":{"line":20,"column":0},"end":{"line":63,"column":3}},"2":{"start":{"line":22,"column":4},"end":{"line":24,"column":5}},"3":{"start":{"line":23,"column":8},"end":{"line":23,"column":60}},"4":{"start":{"line":26,"column":4},"end":{"line":62,"column":5}},"5":{"start":{"line":27,"column":71},"end":{"line":27,"column":87}},"6":{"start":{"line":29,"column":8},"end":{"line":34,"column":9}},"7":{"start":{"line":30,"column":12},"end":{"line":33,"column":14}},"8":{"start":{"line":38,"column":8},"end":{"line":50,"column":9}},"9":{"start":{"line":40,"column":16},"end":{"line":40,"column":52}},"10":{"start":{"line":41,"column":16},"end":{"line":41,"column":22}},"11":{"start":{"line":43,"column":16},"end":{"line":43,"column":54}},"12":{"start":{"line":44,"column":16},"end":{"line":44,"column":22}},"13":{"start":{"line":46,"column":16},"end":{"line":46,"column":54}},"14":{"start":{"line":47,"column":16},"end":{"line":47,"column":22}},"15":{"start":{"line":49,"column":16},"end":{"line":49,"column":54}},"16":{"start":{"line":52,"column":8},"end":{"line":55,"column":10}},"17":{"start":{"line":57,"column":8},"end":{"line":57,"column":52}},"18":{"start":{"line":58,"column":8},"end":{"line":61,"column":10}},"19":{"start":{"line":67,"column":26},"end":{"line":67,"column":55}},"20":{"start":{"line":68,"column":26},"end":{"line":68,"column":55}},"21":{"start":{"line":69,"column":25},"end":{"line":69,"column":53}},"22":{"start":{"line":71,"column":4},"end":{"line":74,"column":5}},"23":{"start":{"line":72,"column":8},"end":{"line":72,"column":65}},"24":{"start":{"line":73,"column":8},"end":{"line":73,"column":51}},"25":{"start":{"line":76,"column":21},"end":{"line":76,"column":35}},"26":{"start":{"line":77,"column":4},"end":{"line":77,"column":42}},"27":{"start":{"line":78,"column":4},"end":{"line":78,"column":46}},"28":{"start":{"line":79,"column":4},"end":{"line":79,"column":44}},"29":{"start":{"line":80,"column":4},"end":{"line":80,"column":54}},"30":{"start":{"line":81,"column":4},"end":{"line":81,"column":36}},"31":{"start":{"line":82,"column":4},"end":{"line":82,"column":39}},"32":{"start":{"line":84,"column":21},"end":{"line":87,"column":6}},"33":{"start":{"line":89,"column":19},"end":{"line":89,"column":40}},"34":{"start":{"line":91,"column":4},"end":{"line":93,"column":5}},"35":{"start":{"line":92,"column":8},"end":{"line":92,"column":61}},"36":{"start":{"line":95,"column":4},"end":{"line":95,"column":40}},"37":{"start":{"line":100,"column":29},"end":{"line":100,"column":61}},"38":{"start":{"line":101,"column":23},"end":{"line":101,"column":72}},"39":{"start":{"line":103,"column":4},"end":{"line":106,"column":5}},"40":{"start":{"line":104,"column":8},"end":{"line":104,"column":66}},"41":{"start":{"line":105,"column":8},"end":{"line":105,"column":51}},"42":{"start":{"line":108,"column":21},"end":{"line":123,"column":6}},"43":{"start":{"line":125,"column":4},"end":{"line":127,"column":5}},"44":{"start":{"line":126,"column":8},"end":{"line":126,"column":45}},"45":{"start":{"line":129,"column":4},"end":{"line":129,"column":88}},"46":{"start":{"line":135,"column":4},"end":{"line":135,"column":55}},"47":{"start":{"line":136,"column":4},"end":{"line":136,"column":53}}},"fnMap":{"0":{"name":"(anonymous_0)","decl":{"start":{"line":20,"column":6},"end":{"line":20,"column":7}},"loc":{"start":{"line":20,"column":21},"end":{"line":63,"column":1}},"line":20},"1":{"name":"sendSMS","decl":{"start":{"line":66,"column":15},"end":{"line":66,"column":22}},"loc":{"start":{"line":66,"column":52},"end":{"line":96,"column":1}},"line":66},"2":{"name":"sendEmail","decl":{"start":{"line":99,"column":15},"end":{"line":99,"column":24}},"loc":{"start":{"line":99,"column":54},"end":{"line":130,"column":1}},"line":99},"3":{"name":"sendKakao","decl":{"start":{"line":133,"column":15},"end":{"line":133,"column":24}},"loc":{"start":{"line":133,"column":54},"end":{"line":137,"column":1}},"line":133}},"branchMap":{"0":{"loc":{"start":{"line":22,"column":4},"end":{"line":24,"column":5}},"type":"if","locations":[{"start":{"line":22,"column":4},"end":{"line":24,"column":5}},{"start":{},"end":{}}],"line":22},"1":{"loc":{"start":{"line":29,"column":8},"end":{"line":34,"column":9}},"type":"if","locations":[{"start":{"line":29,"column":8},"end":{"line":34,"column":9}},{"start":{},"end":{}}],"line":29},"2":{"loc":{"start":{"line":29,"column":12},"end":{"line":29,"column":38}},"type":"binary-expr","locations":[{"start":{"line":29,"column":12},"end":{"line":29,"column":15}},{"start":{"line":29,"column":19},"end":{"line":29,"column":27}},{"start":{"line":29,"column":31},"end":{"line":29,"column":38}}],"line":29},"3":{"loc":{"start":{"line":38,"column":8},"end":{"line":50,"column":9}},"type":"switch","locations":[{"start":{"line":39,"column":12},"end":{"line":41,"column":22}},{"start":{"line":42,"column":12},"end":{"line":44,"column":22}},{"start":{"line":45,"column":12},"end":{"line":47,"column":22}},{"start":{"line":48,"column":12},"end":{"line":49,"column":54}}],"line":38},"4":{"loc":{"start":{"line":71,"column":4},"end":{"line":74,"column":5}},"type":"if","locations":[{"start":{"line":71,"column":4},"end":{"line":74,"column":5}},{"start":{},"end":{}}],"line":71},"5":{"loc":{"start":{"line":71,"column":8},"end":{"line":71,"column":57}},"type":"binary-expr","locations":[{"start":{"line":71,"column":8},"end":{"line":71,"column":22}},{"start":{"line":71,"column":26},"end":{"line":71,"column":40}},{"start":{"line":71,"column":44},"end":{"line":71,"column":57}}],"line":71},"6":{"loc":{"start":{"line":91,"column":4},"end":{"line":93,"column":5}},"type":"if","locations":[{"start":{"line":91,"column":4},"end":{"line":93,"column":5}},{"start":{},"end":{}}],"line":91},"7":{"loc":{"start":{"line":92,"column":24},"end":{"line":92,"column":59}},"type":"binary-expr","locations":[{"start":{"line":92,"column":24},"end":{"line":92,"column":38}},{"start":{"line":92,"column":42},"end":{"line":92,"column":59}}],"line":92},"8":{"loc":{"start":{"line":101,"column":23},"end":{"line":101,"column":72}},"type":"binary-expr","locations":[{"start":{"line":101,"column":23},"end":{"line":101,"column":49}},{"start":{"line":101,"column":53},"end":{"line":101,"column":72}}],"line":101},"9":{"loc":{"start":{"line":103,"column":4},"end":{"line":106,"column":5}},"type":"if","locations":[{"start":{"line":103,"column":4},"end":{"line":106,"column":5}},{"start":{},"end":{}}],"line":103},"10":{"loc":{"start":{"line":125,"column":4},"end":{"line":127,"column":5}},"type":"if","locations":[{"start":{"line":125,"column":4},"end":{"line":127,"column":5}},{"start":{},"end":{}}],"line":125},"11":{"loc":{"start":{"line":129,"column":24},"end":{"line":129,"column":85}},"type":"binary-expr","locations":[{"start":{"line":129,"column":24},"end":{"line":129,"column":60}},{"start":{"line":129,"column":64},"end":{"line":129,"column":85}}],"line":129}},"s":{"0":0,"1":0,"2":0,"3":0,"4":0,"5":0,"6":0,"7":0,"8":0,"9":0,"10":0,"11":0,"12":0,"13":0,"14":0,"15":0,"16":0,"17":0,"18":0,"19":0,"20":0,"21":0,"22":0,"23":0,"24":0,"25":0,"26":0,"27":0,"28":0,"29":0,"30":0,"31":0,"32":0,"33":0,"34":0,"35":0,"36":0,"37":0,"38":0,"39":0,"40":0,"41":0,"42":0,"43":0,"44":0,"45":0,"46":0,"47":0},"f":{"0":0,"1":0,"2":0,"3":0},"b":{"0":[0,0],"1":[0,0],"2":[0,0,0],"3":[0,0,0,0],"4":[0,0],"5":[0,0,0],"6":[0,0],"7":[0,0],"8":[0,0],"9":[0,0],"10":[0,0],"11":[0,0]}}
}
