TN:
SF:App.tsx
FN:4,App
FNF:1
FNH:0
FNDA:0,App
DA:5,0
DA:13,0
LF:2
LH:0
BRF:0
BRH:0
end_of_record
TN:
SF:expo-env.d.ts
FNF:0
FNH:0
LF:0
LH:0
BRF:0
BRH:0
end_of_record
TN:
SF:index.ts
FNF:0
FNH:0
DA:8,0
LF:1
LH:0
BRF:0
BRH:0
end_of_record
TN:
SF:.expo\types\router.d.ts
FNF:0
FNH:0
LF:0
LH:0
BRF:0
BRH:0
end_of_record
TN:
SF:app\_layout.tsx
FN:6,RootLayout
FNF:1
FNH:0
FNDA:0,RootLayout
DA:7,0
LF:1
LH:0
BRF:0
BRH:0
end_of_record
TN:
SF:app\index.tsx
FN:20,getScoreColor
FN:28,Dashboard
FN:39,(anonymous_2)
FN:44,(anonymous_3)
FN:52,(anonymous_4)
FN:81,(anonymous_5)
FN:90,(anonymous_6)
FN:119,(anonymous_7)
FN:126,(anonymous_8)
FN:149,(anonymous_9)
FN:162,(anonymous_10)
FNF:11
FNH:0
FNDA:0,getScoreColor
FNDA:0,Dashboard
FNDA:0,(anonymous_2)
FNDA:0,(anonymous_3)
FNDA:0,(anonymous_4)
FNDA:0,(anonymous_5)
FNDA:0,(anonymous_6)
FNDA:0,(anonymous_7)
FNDA:0,(anonymous_8)
FNDA:0,(anonymous_9)
FNDA:0,(anonymous_10)
DA:21,0
DA:22,0
DA:23,0
DA:24,0
DA:25,0
DA:35,0
DA:37,0
DA:39,0
DA:40,0
DA:41,0
DA:44,0
DA:45,0
DA:46,0
DA:47,0
DA:51,0
DA:52,0
DA:53,0
DA:55,0
DA:81,0
DA:90,0
DA:120,0
DA:126,0
DA:149,0
DA:162,0
DA:173,0
LF:25
LH:0
BRDA:21,0,0,0
BRDA:21,0,1,0
BRDA:22,1,0,0
BRDA:22,1,1,0
BRDA:23,2,0,0
BRDA:23,2,1,0
BRDA:24,3,0,0
BRDA:24,3,1,0
BRDA:51,4,0,0
BRDA:51,4,1,0
BRDA:52,5,0,0
BRDA:52,5,1,0
BRDA:124,6,0,0
BRDA:124,6,1,0
BRDA:144,7,0,0
BRDA:144,7,1,0
BRDA:144,7,2,0
BRF:17
BRH:0
end_of_record
TN:
SF:app\login.tsx
FN:24,LoginScreen
FN:33,(anonymous_1)
FN:40,(anonymous_2)
FN:58,(anonymous_3)
FN:84,(anonymous_4)
FNF:5
FNH:0
FNDA:0,LoginScreen
FNDA:0,(anonymous_1)
FNDA:0,(anonymous_2)
FNDA:0,(anonymous_3)
FNDA:0,(anonymous_4)
DA:22,0
DA:25,0
DA:27,0
DA:33,0
DA:34,0
DA:35,0
DA:36,0
DA:40,0
DA:41,0
DA:42,0
DA:47,0
DA:49,0
DA:50,0
DA:51,0
DA:54,0
DA:58,0
DA:60,0
DA:63,0
DA:84,0
DA:120,0
LF:20
LH:0
BRDA:34,0,0,0
BRDA:34,0,1,0
BRDA:47,1,0,0
BRDA:47,1,1,0
BRDA:49,2,0,0
BRDA:49,2,1,0
BRF:6
BRH:0
end_of_record
TN:
SF:app\settings.tsx
FN:20,SettingsScreen
FN:23,(anonymous_1)
FN:32,(anonymous_2)
FN:45,(anonymous_3)
FNF:4
FNH:0
FNDA:0,SettingsScreen
FNDA:0,(anonymous_1)
FNDA:0,(anonymous_2)
FNDA:0,(anonymous_3)
DA:21,0
DA:23,0
DA:24,0
DA:33,0
DA:34,0
DA:41,0
DA:45,0
DA:138,0
LF:8
LH:0
BRDA:60,0,0,0
BRDA:60,0,1,0
BRDA:65,1,0,0
BRDA:65,1,1,0
BRDA:68,2,0,0
BRDA:68,2,1,0
BRF:6
BRH:0
end_of_record
TN:
SF:app\onboarding\calendar.tsx
FN:29,CalendarOnboardingScreen
FN:36,(anonymous_1)
FN:42,(anonymous_2)
FN:60,(anonymous_3)
FN:66,(anonymous_4)
FN:71,(anonymous_5)
FN:146,(anonymous_6)
FNF:7
FNH:0
FNDA:0,CalendarOnboardingScreen
FNDA:0,(anonymous_1)
FNDA:0,(anonymous_2)
FNDA:0,(anonymous_3)
FNDA:0,(anonymous_4)
FNDA:0,(anonymous_5)
FNDA:0,(anonymous_6)
DA:27,0
DA:30,0
DA:31,0
DA:32,0
DA:33,0
DA:36,0
DA:37,0
DA:38,0
DA:42,0
DA:43,0
DA:44,0
DA:45,0
DA:47,0
DA:52,0
DA:54,0
DA:56,0
DA:60,0
DA:61,0
DA:62,0
DA:63,0
DA:66,0
DA:68,0
DA:71,0
DA:72,0
DA:75,0
DA:147,0
DA:255,0
LF:27
LH:0
BRDA:37,0,0,0
BRDA:37,0,1,0
BRDA:106,1,0,0
BRDA:106,1,1,0
BRDA:109,2,0,0
BRDA:109,2,1,0
BRDA:118,3,0,0
BRDA:118,3,1,0
BRDA:124,4,0,0
BRDA:124,4,1,0
BRDA:126,5,0,0
BRDA:126,5,1,0
BRDA:135,6,0,0
BRDA:135,6,1,0
BRDA:139,7,0,0
BRDA:139,7,1,0
BRDA:150,8,0,0
BRDA:150,8,1,0
BRDA:154,9,0,0
BRDA:154,9,1,0
BRDA:174,10,0,0
BRDA:174,10,1,0
BRDA:195,11,0,0
BRDA:195,11,1,0
BRDA:199,12,0,0
BRDA:199,12,1,0
BRDA:233,13,0,0
BRDA:233,13,1,0
BRDA:239,14,0,0
BRDA:239,14,1,0
BRDA:241,15,0,0
BRDA:241,15,1,0
BRDA:245,16,0,0
BRDA:245,16,1,0
BRF:34
BRH:0
end_of_record
TN:
SF:app\onboarding\complete.tsx
FN:19,OnboardingCompleteScreen
FN:24,(anonymous_1)
FN:47,(anonymous_2)
FN:105,(anonymous_3)
FNF:4
FNH:0
FNDA:0,OnboardingCompleteScreen
FNDA:0,(anonymous_1)
FNDA:0,(anonymous_2)
FNDA:0,(anonymous_3)
DA:20,0
DA:21,0
DA:22,0
DA:24,0
DA:26,0
DA:47,0
DA:49,0
DA:52,0
DA:59,0
DA:106,0
DA:147,0
LF:11
LH:0
BRF:0
BRH:0
end_of_record
TN:
SF:app\onboarding\index.tsx
FN:19,OnboardingIndex
FN:25,(anonymous_1)
FN:34,(anonymous_2)
FN:44,(anonymous_3)
FN:174,(anonymous_4)
FNF:5
FNH:0
FNDA:0,OnboardingIndex
FNDA:0,(anonymous_1)
FNDA:0,(anonymous_2)
FNDA:0,(anonymous_3)
FNDA:0,(anonymous_4)
DA:20,0
DA:21,0
DA:22,0
DA:23,0
DA:25,0
DA:26,0
DA:27,0
DA:30,0
DA:34,0
DA:35,0
DA:36,0
DA:37,0
DA:40,0
DA:45,0
DA:174,0
DA:183,0
LF:16
LH:0
BRDA:26,0,0,0
BRDA:26,0,1,0
BRDA:35,1,0,0
BRDA:35,1,1,0
BRDA:36,2,0,0
BRDA:36,2,1,0
BRDA:49,3,0,0
BRDA:49,3,1,0
BRDA:57,4,0,0
BRDA:57,4,1,0
BRDA:90,5,0,0
BRDA:90,5,1,0
BRDA:101,6,0,0
BRDA:101,6,1,0
BRDA:104,7,0,0
BRDA:104,7,1,0
BRDA:111,8,0,0
BRDA:111,8,1,0
BRDA:115,9,0,0
BRDA:115,9,1,0
BRDA:128,10,0,0
BRDA:128,10,1,0
BRDA:163,11,0,0
BRDA:163,11,1,0
BRDA:169,12,0,0
BRDA:169,12,1,0
BRDA:173,13,0,0
BRDA:173,13,1,0
BRF:28
BRH:0
end_of_record
TN:
SF:app\onboarding\subject.tsx
FN:20,SubjectSelectionScreen
FN:25,(anonymous_1)
FN:36,(anonymous_2)
FN:56,(anonymous_3)
FN:67,(anonymous_4)
FN:90,(anonymous_5)
FN:112,(anonymous_6)
FNF:7
FNH:0
FNDA:0,SubjectSelectionScreen
FNDA:0,(anonymous_1)
FNDA:0,(anonymous_2)
FNDA:0,(anonymous_3)
FNDA:0,(anonymous_4)
FNDA:0,(anonymous_5)
FNDA:0,(anonymous_6)
DA:21,0
DA:22,0
DA:23,0
DA:25,0
DA:26,0
DA:27,0
DA:28,0
DA:32,0
DA:36,0
DA:57,0
DA:58,0
DA:60,0
DA:67,0
DA:91,0
DA:112,0
DA:155,0
LF:16
LH:0
BRDA:26,0,0,0
BRDA:26,0,1,0
BRDA:65,1,0,0
BRDA:65,1,1,0
BRDA:72,2,0,0
BRDA:72,2,1,0
BRDA:74,3,0,0
BRDA:74,3,1,0
BRDA:79,4,0,0
BRDA:79,4,1,0
BRDA:88,5,0,0
BRDA:88,5,1,0
BRDA:95,6,0,0
BRDA:95,6,1,0
BRDA:110,7,0,0
BRDA:110,7,1,0
BRDA:117,8,0,0
BRDA:117,8,1,0
BRDA:119,9,0,0
BRDA:119,9,1,0
BRDA:124,10,0,0
BRDA:124,10,1,0
BRDA:142,11,0,0
BRDA:142,11,1,0
BRF:24
BRH:0
end_of_record
TN:
SF:app\recording\index.tsx
FN:47,RecordingScreen
FN:58,(anonymous_1)
FN:59,(anonymous_2)
FN:85,(anonymous_3)
FN:107,(anonymous_4)
FN:109,(anonymous_5)
FN:110,(anonymous_6)
FN:117,(anonymous_7)
FN:122,(anonymous_8)
FN:128,(anonymous_9)
FN:158,(anonymous_10)
FN:166,(anonymous_11)
FN:180,(anonymous_12)
FN:186,(anonymous_13)
FN:195,(anonymous_14)
FN:205,(anonymous_15)
FN:280,(anonymous_16)
FNF:17
FNH:0
FNDA:0,RecordingScreen
FNDA:0,(anonymous_1)
FNDA:0,(anonymous_2)
FNDA:0,(anonymous_3)
FNDA:0,(anonymous_4)
FNDA:0,(anonymous_5)
FNDA:0,(anonymous_6)
FNDA:0,(anonymous_7)
FNDA:0,(anonymous_8)
FNDA:0,(anonymous_9)
FNDA:0,(anonymous_10)
FNDA:0,(anonymous_11)
FNDA:0,(anonymous_12)
FNDA:0,(anonymous_13)
FNDA:0,(anonymous_14)
FNDA:0,(anonymous_15)
FNDA:0,(anonymous_16)
DA:24,0
DA:48,0
DA:49,0
DA:50,0
DA:51,0
DA:52,0
DA:54,0
DA:55,0
DA:58,0
DA:59,0
DA:60,0
DA:62,0
DA:73,0
DA:74,0
DA:75,0
DA:76,0
DA:79,0
DA:85,0
DA:86,0
DA:87,0
DA:102,0
DA:107,0
DA:108,0
DA:109,0
DA:110,0
DA:113,0
DA:114,0
DA:117,0
DA:118,0
DA:122,0
DA:123,0
DA:124,0
DA:125,0
DA:128,0
DA:129,0
DA:130,0
DA:131,0
DA:132,0
DA:133,0
DA:134,0
DA:137,0
DA:138,0
DA:140,0
DA:141,0
DA:142,0
DA:143,0
DA:144,0
DA:148,0
DA:149,0
DA:150,0
DA:151,0
DA:153,0
DA:154,0
DA:158,0
DA:159,0
DA:160,0
DA:161,0
DA:162,0
DA:163,0
DA:166,0
DA:167,0
DA:171,0
DA:174,0
DA:175,0
DA:176,0
DA:180,0
DA:182,0
DA:183,0
DA:186,0
DA:187,0
DA:195,0
DA:201,0
DA:205,0
DA:281,0
DA:320,0
LF:75
LH:0
BRDA:75,0,0,0
BRDA:75,0,1,0
BRDA:86,1,0,0
BRDA:86,1,1,0
BRDA:108,2,0,0
BRDA:108,2,1,0
BRDA:113,3,0,0
BRDA:113,3,1,0
BRDA:118,4,0,0
BRDA:118,4,1,0
BRDA:131,5,0,0
BRDA:131,5,1,0
BRDA:140,6,0,0
BRDA:140,6,1,0
BRDA:142,7,0,0
BRDA:142,7,1,0
BRDA:154,8,0,0
BRDA:154,8,1,0
BRDA:214,9,0,0
BRDA:214,9,1,0
BRDA:223,10,0,0
BRDA:223,10,1,0
BRDA:235,11,0,0
BRDA:235,11,1,0
BRDA:248,12,0,0
BRDA:248,12,1,0
BRDA:261,13,0,0
BRDA:261,13,1,0
BRDA:270,14,0,0
BRDA:270,14,1,0
BRDA:270,14,2,0
BRDA:291,15,0,0
BRDA:291,15,1,0
BRF:33
BRH:0
end_of_record
TN:
SF:app\report\[token].tsx
FN:42,ReportViewPage
FN:48,(anonymous_1)
FN:52,(anonymous_2)
FN:95,(anonymous_3)
FN:155,(anonymous_4)
FN:166,(anonymous_5)
FN:178,(anonymous_6)
FNF:7
FNH:0
FNDA:0,ReportViewPage
FNDA:0,(anonymous_1)
FNDA:0,(anonymous_2)
FNDA:0,(anonymous_3)
FNDA:0,(anonymous_4)
FNDA:0,(anonymous_5)
FNDA:0,(anonymous_6)
DA:43,0
DA:44,0
DA:45,0
DA:46,0
DA:48,0
DA:49,0
DA:52,0
DA:53,0
DA:54,0
DA:55,0
DA:56,0
DA:59,0
DA:61,0
DA:71,0
DA:72,0
DA:73,0
DA:77,0
DA:79,0
DA:88,0
DA:89,0
DA:91,0
DA:95,0
DA:96,0
DA:104,0
DA:105,0
DA:115,0
DA:116,0
DA:127,0
DA:156,0
DA:167,0
DA:179,0
DA:214,0
LF:32
LH:0
BRDA:53,0,0,0
BRDA:53,0,1,0
BRDA:71,1,0,0
BRDA:71,1,1,0
BRDA:71,2,0,0
BRDA:71,2,1,0
BRDA:81,3,0,0
BRDA:81,3,1,0
BRDA:104,4,0,0
BRDA:104,4,1,0
BRDA:115,5,0,0
BRDA:115,5,1,0
BRDA:115,6,0,0
BRDA:115,6,1,0
BRDA:121,7,0,0
BRDA:121,7,1,0
BRDA:175,8,0,0
BRDA:175,8,1,0
BRDA:188,9,0,0
BRDA:188,9,1,0
BRDA:198,10,0,0
BRDA:198,10,1,0
BRF:22
BRH:0
end_of_record
TN:
SF:app\sessions\add.tsx
FN:22,AddSessionScreen
FN:34,(anonymous_1)
FN:35,(anonymous_2)
FN:38,(anonymous_3)
FN:45,(anonymous_4)
FN:63,(anonymous_5)
FN:68,(anonymous_6)
FN:79,(anonymous_7)
FN:97,(anonymous_8)
FN:104,(anonymous_9)
FN:111,(anonymous_10)
FN:136,(anonymous_11)
FN:147,(anonymous_12)
FN:155,(anonymous_13)
FN:162,(anonymous_14)
FN:183,(anonymous_15)
FNF:16
FNH:0
FNDA:0,AddSessionScreen
FNDA:0,(anonymous_1)
FNDA:0,(anonymous_2)
FNDA:0,(anonymous_3)
FNDA:0,(anonymous_4)
FNDA:0,(anonymous_5)
FNDA:0,(anonymous_6)
FNDA:0,(anonymous_7)
FNDA:0,(anonymous_8)
FNDA:0,(anonymous_9)
FNDA:0,(anonymous_10)
FNDA:0,(anonymous_11)
FNDA:0,(anonymous_12)
FNDA:0,(anonymous_13)
FNDA:0,(anonymous_14)
FNDA:0,(anonymous_15)
DA:23,0
DA:24,0
DA:25,0
DA:27,0
DA:34,0
DA:35,0
DA:38,0
DA:39,0
DA:40,0
DA:41,0
DA:44,0
DA:45,0
DA:47,0
DA:48,0
DA:50,0
DA:59,0
DA:61,0
DA:62,0
DA:63,0
DA:66,0
DA:67,0
DA:68,0
DA:71,0
DA:75,0
DA:79,0
DA:97,0
DA:105,0
DA:111,0
DA:136,0
DA:147,0
DA:156,0
DA:162,0
DA:183,0
DA:193,0
LF:34
LH:0
BRDA:39,0,0,0
BRDA:39,0,1,0
BRDA:52,1,0,0
BRDA:52,1,1,0
BRDA:53,2,0,0
BRDA:53,2,1,0
BRDA:55,3,0,0
BRDA:55,3,1,0
BRDA:59,4,0,0
BRDA:59,4,1,0
BRDA:84,5,0,0
BRDA:84,5,1,0
BRDA:85,6,0,0
BRDA:85,6,1,0
BRDA:94,7,0,0
BRDA:94,7,1,0
BRDA:109,8,0,0
BRDA:109,8,1,0
BRDA:115,9,0,0
BRDA:115,9,1,0
BRDA:160,10,0,0
BRDA:160,10,1,0
BRDA:166,11,0,0
BRDA:166,11,1,0
BRF:24
BRH:0
end_of_record
TN:
SF:app\students\[id].tsx
FN:19,getScoreColor
FN:26,StudentDetailScreen
FN:31,(anonymous_2)
FN:32,(anonymous_3)
FN:40,(anonymous_4)
FN:54,(anonymous_5)
FN:56,(anonymous_6)
FN:70,(anonymous_7)
FN:108,(anonymous_8)
FN:137,(anonymous_9)
FN:172,(anonymous_10)
FNF:11
FNH:0
FNDA:0,getScoreColor
FNDA:0,StudentDetailScreen
FNDA:0,(anonymous_2)
FNDA:0,(anonymous_3)
FNDA:0,(anonymous_4)
FNDA:0,(anonymous_5)
FNDA:0,(anonymous_6)
FNDA:0,(anonymous_7)
FNDA:0,(anonymous_8)
FNDA:0,(anonymous_9)
FNDA:0,(anonymous_10)
DA:20,0
DA:21,0
DA:22,0
DA:23,0
DA:27,0
DA:28,0
DA:29,0
DA:31,0
DA:32,0
DA:33,0
DA:36,0
DA:37,0
DA:40,0
DA:54,0
DA:55,0
DA:56,0
DA:59,0
DA:66,0
DA:70,0
DA:109,0
DA:138,0
DA:173,0
DA:174,0
DA:185,0
LF:24
LH:0
BRDA:20,0,0,0
BRDA:20,0,1,0
BRDA:21,1,0,0
BRDA:21,1,1,0
BRDA:22,2,0,0
BRDA:22,2,1,0
BRDA:36,3,0,0
BRDA:36,3,1,0
BRDA:54,4,0,0
BRDA:54,4,1,0
BRDA:56,5,0,0
BRDA:56,5,1,0
BRDA:132,6,0,0
BRDA:132,6,1,0
BRDA:142,7,0,0
BRDA:142,7,1,0
BRDA:150,8,0,0
BRDA:150,8,1,0
BRDA:155,9,0,0
BRDA:155,9,1,0
BRDA:159,10,0,0
BRDA:159,10,1,0
BRF:22
BRH:0
end_of_record
TN:
SF:app\students\add.tsx
FN:33,AddStudentScreen
FN:40,(anonymous_1)
FN:86,(anonymous_2)
FN:119,(anonymous_3)
FN:126,(anonymous_4)
FNF:5
FNH:0
FNDA:0,AddStudentScreen
FNDA:0,(anonymous_1)
FNDA:0,(anonymous_2)
FNDA:0,(anonymous_3)
FNDA:0,(anonymous_4)
DA:23,0
DA:34,0
DA:35,0
DA:36,0
DA:37,0
DA:38,0
DA:40,0
DA:41,0
DA:42,0
DA:43,0
DA:45,0
DA:46,0
DA:47,0
DA:50,0
DA:51,0
DA:52,0
DA:59,0
DA:61,0
DA:62,0
DA:63,0
DA:66,0
DA:67,0
DA:73,0
DA:75,0
DA:76,0
DA:78,0
DA:82,0
DA:86,0
DA:120,0
DA:126,0
DA:161,0
LF:31
LH:0
BRDA:41,0,0,0
BRDA:41,0,1,0
BRDA:45,1,0,0
BRDA:45,1,1,0
BRDA:59,2,0,0
BRDA:59,2,1,0
BRDA:91,3,0,0
BRDA:91,3,1,0
BRDA:92,4,0,0
BRDA:92,4,1,0
BRDA:98,5,0,0
BRDA:98,5,1,0
BRDA:124,6,0,0
BRDA:124,6,1,0
BRDA:131,7,0,0
BRDA:131,7,1,0
BRF:16
BRH:0
end_of_record
TN:
SF:app\students\index.tsx
FN:20,getScoreColor
FN:27,StudentsScreen
FN:31,(anonymous_2)
FN:35,(anonymous_3)
FN:43,(anonymous_4)
FN:47,(anonymous_5)
FN:75,(anonymous_6)
FN:83,(anonymous_7)
FN:87,(anonymous_8)
FNF:9
FNH:0
FNDA:0,getScoreColor
FNDA:0,StudentsScreen
FNDA:0,(anonymous_2)
FNDA:0,(anonymous_3)
FNDA:0,(anonymous_4)
FNDA:0,(anonymous_5)
FNDA:0,(anonymous_6)
FNDA:0,(anonymous_7)
FNDA:0,(anonymous_8)
DA:21,0
DA:22,0
DA:23,0
DA:24,0
DA:28,0
DA:29,0
DA:31,0
DA:32,0
DA:35,0
DA:36,0
DA:39,0
DA:43,0
DA:47,0
DA:75,0
DA:84,0
DA:87,0
DA:120,0
LF:17
LH:0
BRDA:21,0,0,0
BRDA:21,0,1,0
BRDA:22,1,0,0
BRDA:22,1,1,0
BRDA:23,2,0,0
BRDA:23,2,1,0
BRDA:35,3,0,0
BRDA:35,3,1,0
BRDA:68,4,0,0
BRDA:68,4,1,0
BRF:10
BRH:0
end_of_record
TN:
SF:components\Icons.tsx
FN:13,LiveDot
FN:21,CheckCircle
FN:35,Clock
FN:54,Settings
FN:75,ChevronRight
FN:93,BookOpen
FN:114,Send
FN:128,TrendingUp
FN:149,Users
FN:178,DollarSign
FN:192,Plus
FN:206,Calendar
FN:221,Video
FN:246,Mic
FNF:14
FNH:0
FNDA:0,LiveDot
FNDA:0,CheckCircle
FNDA:0,Clock
FNDA:0,Settings
FNDA:0,ChevronRight
FNDA:0,BookOpen
FNDA:0,Send
FNDA:0,TrendingUp
FNDA:0,Users
FNDA:0,DollarSign
FNDA:0,Plus
FNDA:0,Calendar
FNDA:0,Video
FNDA:0,Mic
DA:14,0
DA:22,0
DA:36,0
DA:55,0
DA:76,0
DA:94,0
DA:115,0
DA:129,0
DA:150,0
DA:179,0
DA:193,0
DA:207,0
DA:222,0
DA:247,0
LF:14
LH:0
BRDA:13,0,0,0
BRDA:13,1,0,0
BRDA:21,2,0,0
BRDA:21,3,0,0
BRDA:35,4,0,0
BRDA:35,5,0,0
BRDA:54,6,0,0
BRDA:54,7,0,0
BRDA:75,8,0,0
BRDA:75,9,0,0
BRDA:93,10,0,0
BRDA:93,11,0,0
BRDA:114,12,0,0
BRDA:114,13,0,0
BRDA:128,14,0,0
BRDA:128,15,0,0
BRDA:149,16,0,0
BRDA:149,17,0,0
BRDA:178,18,0,0
BRDA:178,19,0,0
BRDA:192,20,0,0
BRDA:192,21,0,0
BRDA:206,22,0,0
BRDA:206,23,0,0
BRDA:221,24,0,0
BRDA:221,25,0,0
BRDA:246,26,0,0
BRDA:246,27,0,0
BRF:28
BRH:0
end_of_record
TN:
SF:components\ZoomLinkModal.tsx
FN:29,ZoomLinkModal
FN:40,(anonymous_1)
FN:83,(anonymous_2)
FN:109,(anonymous_3)
FNF:4
FNH:0
FNDA:0,ZoomLinkModal
FNDA:0,(anonymous_1)
FNDA:0,(anonymous_2)
FNDA:0,(anonymous_3)
DA:36,0
DA:37,0
DA:38,0
DA:40,0
DA:41,0
DA:43,0
DA:44,0
DA:45,0
DA:48,0
DA:49,0
DA:50,0
DA:53,0
DA:55,0
DA:57,0
DA:65,0
DA:67,0
DA:68,0
DA:73,0
DA:76,0
DA:77,0
DA:79,0
DA:83,0
DA:84,0
DA:85,0
DA:86,0
DA:89,0
DA:110,0
DA:111,0
DA:154,0
LF:29
LH:0
BRDA:43,0,0,0
BRDA:43,0,1,0
BRDA:48,1,0,0
BRDA:48,1,1,0
BRDA:65,2,0,0
BRDA:65,2,1,0
BRDA:67,3,0,0
BRDA:67,3,1,0
BRDA:77,4,0,0
BRDA:77,4,1,0
BRDA:105,5,0,0
BRDA:105,5,1,0
BRDA:118,6,0,0
BRDA:118,6,1,0
BRDA:132,7,0,0
BRDA:132,7,1,0
BRDA:136,8,0,0
BRDA:136,8,1,0
BRF:18
BRH:0
end_of_record
TN:
SF:constants\theme.ts
FNF:0
FNH:0
DA:4,0
DA:38,0
DA:72,0
DA:81,0
LF:4
LH:0
BRF:0
BRH:0
end_of_record
TN:
SF:lib\notificationService.ts
FN:22,sendNotification
FN:44,sendReportToParent
FN:97,updateReportSendStatus
FN:109,sendLessonReminder
FN:125,sendPaymentRequest
FNF:5
FNH:0
FNDA:0,sendNotification
FNDA:0,sendReportToParent
FNDA:0,updateReportSendStatus
FNDA:0,sendLessonReminder
FNDA:0,sendPaymentRequest
DA:23,0
DA:24,0
DA:28,0
DA:30,0
DA:35,0
DA:36,0
DA:51,0
DA:57,0
DA:58,0
DA:61,0
DA:62,0
DA:65,0
DA:66,0
DA:73,0
DA:74,0
DA:75,0
DA:79,0
DA:80,0
DA:87,0
DA:88,0
DA:89,0
DA:93,0
DA:98,0
DA:115,0
DA:117,0
DA:131,0
DA:133,0
LF:27
LH:0
BRDA:28,0,0,0
BRDA:28,0,1,0
BRDA:38,1,0,0
BRDA:38,1,1,0
BRDA:57,2,0,0
BRDA:57,2,1,0
BRDA:65,3,0,0
BRDA:65,3,1,0
BRDA:73,4,0,0
BRDA:73,4,1,0
BRDA:79,5,0,0
BRDA:79,5,1,0
BRDA:87,6,0,0
BRDA:87,6,1,0
BRF:14
BRH:0
end_of_record
TN:
SF:lib\paymentService.ts
FN:30,createPayment
FN:46,updatePaymentStatus
FN:68,linkPaymentToSession
FN:83,getPaymentSummary
FN:121,(anonymous_4)
FN:122,(anonymous_5)
FN:144,getUnpaidSessions
FN:162,generateMonthlyReport
FN:201,(anonymous_8)
FN:202,(anonymous_9)
FN:203,(anonymous_10)
FNF:11
FNH:0
FNDA:0,createPayment
FNDA:0,updatePaymentStatus
FNDA:0,linkPaymentToSession
FNDA:0,getPaymentSummary
FNDA:0,(anonymous_4)
FNDA:0,(anonymous_5)
FNDA:0,getUnpaidSessions
FNDA:0,generateMonthlyReport
FNDA:0,(anonymous_8)
FNDA:0,(anonymous_9)
FNDA:0,(anonymous_10)
DA:31,0
DA:37,0
DA:38,0
DA:39,0
DA:42,0
DA:51,0
DA:59,0
DA:60,0
DA:61,0
DA:64,0
DA:69,0
DA:77,0
DA:78,0
DA:84,0
DA:85,0
DA:86,0
DA:87,0
DA:89,0
DA:91,0
DA:98,0
DA:105,0
DA:113,0
DA:121,0
DA:122,0
DA:124,0
DA:132,0
DA:133,0
DA:145,0
DA:153,0
DA:154,0
DA:155,0
DA:158,0
DA:168,0
DA:169,0
DA:171,0
DA:179,0
DA:180,0
DA:188,0
DA:190,0
DA:191,0
DA:192,0
DA:193,0
DA:199,0
DA:201,0
DA:202,0
DA:203,0
LF:46
LH:0
BRDA:37,0,0,0
BRDA:37,0,1,0
BRDA:55,1,0,0
BRDA:55,1,1,0
BRDA:55,2,0,0
BRDA:55,2,1,0
BRDA:59,3,0,0
BRDA:59,3,1,0
BRDA:77,4,0,0
BRDA:77,4,1,0
BRDA:122,5,0,0
BRDA:122,5,1,0
BRDA:122,6,0,0
BRDA:122,6,1,0
BRDA:127,7,0,0
BRDA:127,7,1,0
BRDA:153,8,0,0
BRDA:153,8,1,0
BRDA:158,9,0,0
BRDA:158,9,1,0
BRDA:179,10,0,0
BRDA:179,10,1,0
BRDA:191,11,0,0
BRDA:191,11,1,0
BRDA:192,12,0,0
BRDA:192,12,1,0
BRDA:195,13,0,0
BRDA:195,13,1,0
BRDA:201,14,0,0
BRDA:201,14,1,0
BRDA:202,15,0,0
BRDA:202,15,1,0
BRF:32
BRH:0
end_of_record
TN:
SF:lib\recallService.ts
FN:33,createBot
FN:68,getBotStatus
FN:89,getTranscript
FN:111,leaveBot
FN:130,isValidZoomUrl
FN:136,transcriptToText
FN:138,(anonymous_6)
FN:146,createDemoBot
FN:155,getDemoTranscript
FNF:9
FNH:0
FNDA:0,createBot
FNDA:0,getBotStatus
FNDA:0,getTranscript
FNDA:0,leaveBot
FNDA:0,isValidZoomUrl
FNDA:0,transcriptToText
FNDA:0,(anonymous_6)
FNDA:0,createDemoBot
FNDA:0,getDemoTranscript
DA:8,0
DA:9,0
DA:34,0
DA:35,0
DA:36,0
DA:39,0
DA:40,0
DA:41,0
DA:50,0
DA:52,0
DA:53,0
DA:60,0
DA:63,0
DA:69,0
DA:70,0
DA:73,0
DA:74,0
DA:80,0
DA:81,0
DA:83,0
DA:84,0
DA:90,0
DA:91,0
DA:94,0
DA:95,0
DA:101,0
DA:102,0
DA:103,0
DA:105,0
DA:106,0
DA:112,0
DA:114,0
DA:115,0
DA:122,0
DA:124,0
DA:125,0
DA:131,0
DA:132,0
DA:137,0
DA:138,0
DA:147,0
DA:156,0
LF:42
LH:0
BRDA:9,0,0,0
BRDA:9,0,1,0
BRDA:34,1,0,0
BRDA:34,1,1,0
BRDA:50,2,0,0
BRDA:50,2,1,0
BRDA:69,3,0,0
BRDA:69,3,1,0
BRDA:80,4,0,0
BRDA:80,4,1,0
BRDA:90,5,0,0
BRDA:90,5,1,0
BRDA:101,6,0,0
BRDA:101,6,1,0
BRDA:103,7,0,0
BRDA:103,7,1,0
BRDA:112,8,0,0
BRDA:112,8,1,0
BRF:18
BRH:0
end_of_record
TN:
SF:lib\store.ts
FN:93,(anonymous_0)
FN:95,(anonymous_1)
FN:99,(anonymous_2)
FN:100,(anonymous_3)
FN:104,(anonymous_4)
FN:106,(anonymous_5)
FN:112,(anonymous_6)
FN:117,(anonymous_7)
FN:132,(anonymous_8)
FN:162,(anonymous_9)
FN:182,(anonymous_10)
FN:187,(anonymous_11)
FN:192,(anonymous_12)
FN:197,(anonymous_13)
FN:198,(anonymous_14)
FN:204,(anonymous_15)
FN:209,(anonymous_16)
FN:215,(anonymous_17)
FNF:18
FNH:0
FNDA:0,(anonymous_0)
FNDA:0,(anonymous_1)
FNDA:0,(anonymous_2)
FNDA:0,(anonymous_3)
FNDA:0,(anonymous_4)
FNDA:0,(anonymous_5)
FNDA:0,(anonymous_6)
FNDA:0,(anonymous_7)
FNDA:0,(anonymous_8)
FNDA:0,(anonymous_9)
FNDA:0,(anonymous_10)
FNDA:0,(anonymous_11)
FNDA:0,(anonymous_12)
FNDA:0,(anonymous_13)
FNDA:0,(anonymous_14)
FNDA:0,(anonymous_15)
FNDA:0,(anonymous_16)
FNDA:0,(anonymous_17)
DA:50,0
DA:86,0
DA:93,0
DA:94,0
DA:95,0
DA:99,0
DA:100,0
DA:104,0
DA:105,0
DA:106,0
DA:107,0
DA:110,0
DA:112,0
DA:117,0
DA:133,0
DA:134,0
DA:135,0
DA:138,0
DA:139,0
DA:140,0
DA:145,0
DA:147,0
DA:148,0
DA:155,0
DA:157,0
DA:163,0
DA:164,0
DA:165,0
DA:168,0
DA:169,0
DA:174,0
DA:175,0
DA:177,0
DA:183,0
DA:188,0
DA:193,0
DA:198,0
DA:205,0
DA:210,0
DA:211,0
DA:216,0
DA:217,0
LF:42
LH:0
BRDA:100,0,0,0
BRDA:100,0,1,0
BRDA:107,1,0,0
BRDA:107,1,1,0
BRDA:133,2,0,0
BRDA:133,2,1,0
BRDA:145,3,0,0
BRDA:145,3,1,0
BRDA:147,4,0,0
BRDA:147,4,1,0
BRDA:163,5,0,0
BRDA:163,5,1,0
BRDA:174,6,0,0
BRDA:174,6,1,0
BRDA:175,7,0,0
BRDA:175,7,1,0
BRDA:205,8,0,0
BRDA:205,8,1,0
BRF:18
BRH:0
end_of_record
TN:
SF:lib\supabase.ts
FNF:0
FNH:0
DA:5,0
DA:6,0
DA:9,0
DA:10,0
DA:11,0
DA:13,0
DA:14,0
DA:17,0
DA:24,0
LF:9
LH:0
BRDA:5,0,0,0
BRDA:5,0,1,0
BRDA:5,0,2,0
BRDA:6,1,0,0
BRDA:6,1,1,0
BRDA:6,1,2,0
BRDA:9,2,0,0
BRDA:9,2,1,0
BRDA:10,3,0,0
BRDA:10,3,1,0
BRDA:11,4,0,0
BRDA:11,4,1,0
BRDA:13,5,0,0
BRDA:13,5,1,0
BRF:14
BRH:0
end_of_record
TN:
SF:lib\useGoogleCalendar.ts
FN:30,useGoogleCalendar
FN:37,(anonymous_1)
FN:41,(anonymous_2)
FN:60,(anonymous_3)
FN:102,(anonymous_4)
FN:120,(anonymous_5)
FN:148,(anonymous_6)
FN:194,(anonymous_7)
FN:198,(anonymous_8)
FN:199,(anonymous_9)
FN:211,(anonymous_10)
FNF:11
FNH:0
FNDA:0,useGoogleCalendar
FNDA:0,(anonymous_1)
FNDA:0,(anonymous_2)
FNDA:0,(anonymous_3)
FNDA:0,(anonymous_4)
FNDA:0,(anonymous_5)
FNDA:0,(anonymous_6)
FNDA:0,(anonymous_7)
FNDA:0,(anonymous_8)
FNDA:0,(anonymous_9)
FNDA:0,(anonymous_10)
DA:12,0
DA:13,0
DA:31,0
DA:32,0
DA:33,0
DA:34,0
DA:37,0
DA:38,0
DA:41,0
DA:42,0
DA:43,0
DA:44,0
DA:45,0
DA:46,0
DA:47,0
DA:48,0
DA:51,0
DA:55,0
DA:60,0
DA:61,0
DA:62,0
DA:63,0
DA:64,0
DA:67,0
DA:68,0
DA:70,0
DA:71,0
DA:75,0
DA:83,0
DA:85,0
DA:86,0
DA:87,0
DA:89,0
DA:90,0
DA:94,0
DA:95,0
DA:97,0
DA:102,0
DA:103,0
DA:107,0
DA:109,0
DA:115,0
DA:116,0
DA:120,0
DA:121,0
DA:122,0
DA:123,0
DA:126,0
DA:127,0
DA:131,0
DA:133,0
DA:139,0
DA:140,0
DA:142,0
DA:143,0
DA:148,0
DA:149,0
DA:150,0
DA:152,0
DA:153,0
DA:154,0
DA:155,0
DA:158,0
DA:160,0
DA:161,0
DA:163,0
DA:175,0
DA:176,0
DA:179,0
DA:180,0
DA:183,0
DA:186,0
DA:187,0
DA:189,0
DA:194,0
DA:196,0
DA:198,0
DA:199,0
DA:200,0
DA:204,0
DA:211,0
DA:212,0
DA:213,0
DA:214,0
DA:217,0
LF:85
LH:0
BRDA:12,0,0,0
BRDA:12,0,1,0
BRDA:44,1,0,0
BRDA:44,1,1,0
BRDA:46,2,0,0
BRDA:46,2,1,0
BRDA:61,3,0,0
BRDA:61,3,1,0
BRDA:85,4,0,0
BRDA:85,4,1,0
BRDA:85,5,0,0
BRDA:85,5,1,0
BRDA:89,6,0,0
BRDA:89,6,1,0
BRDA:107,7,0,0
BRDA:107,7,1,0
BRDA:121,8,0,0
BRDA:121,8,1,0
BRDA:131,9,0,0
BRDA:131,9,1,0
BRDA:154,10,0,0
BRDA:154,10,1,0
BRDA:175,11,0,0
BRDA:175,11,1,0
BRDA:180,12,0,0
BRDA:180,12,1,0
BRDA:183,13,0,0
BRDA:183,13,1,0
BRF:28
BRH:0
end_of_record
TN:
SF:lib\curriculum\index.ts
FN:29,getSubjects
FN:34,getSubjectById
FN:35,(anonymous_2)
FN:39,getUnits
FN:45,getTopics
FN:47,(anonymous_5)
FN:52,getTotalTopics
FN:54,(anonymous_7)
FN:58,createInitialMasteryMap
FN:62,(anonymous_9)
FN:63,(anonymous_10)
FN:72,calculateOverallMastery
FN:76,(anonymous_12)
FN:84,calculateUnitMastery
FN:93,(anonymous_14)
FNF:15
FNH:0
FNDA:0,getSubjects
FNDA:0,getSubjectById
FNDA:0,(anonymous_2)
FNDA:0,getUnits
FNDA:0,getTopics
FNDA:0,(anonymous_5)
FNDA:0,getTotalTopics
FNDA:0,(anonymous_7)
FNDA:0,createInitialMasteryMap
FNDA:0,(anonymous_9)
FNDA:0,(anonymous_10)
FNDA:0,calculateOverallMastery
FNDA:0,(anonymous_12)
FNDA:0,calculateUnitMastery
FNDA:0,(anonymous_14)
DA:30,0
DA:35,0
DA:40,0
DA:41,0
DA:46,0
DA:47,0
DA:48,0
DA:53,0
DA:54,0
DA:59,0
DA:60,0
DA:62,0
DA:63,0
DA:64,0
DA:68,0
DA:73,0
DA:75,0
DA:76,0
DA:77,0
DA:80,0
DA:89,0
DA:90,0
DA:92,0
DA:93,0
DA:94,0
DA:97,0
LF:26
LH:0
BRDA:41,0,0,0
BRDA:41,0,1,0
BRDA:48,1,0,0
BRDA:48,1,1,0
BRDA:73,2,0,0
BRDA:73,2,1,0
BRDA:90,3,0,0
BRDA:90,3,1,0
BRDA:94,4,0,0
BRDA:94,4,1,0
BRF:10
BRH:0
end_of_record
TN:
SF:services\geofencing.ts
FN:12,(anonymous_0)
FN:33,requestLocationPermissions
FN:53,addLessonLocation
FN:88,removeLessonLocation
FN:102,getCurrentLocation
FN:125,isGeofencingAvailable
FNF:6
FNH:0
FNDA:0,(anonymous_0)
FNDA:0,requestLocationPermissions
FNDA:0,addLessonLocation
FNDA:0,removeLessonLocation
FNDA:0,getCurrentLocation
FNDA:0,isGeofencingAvailable
DA:9,0
DA:12,0
DA:13,0
DA:14,0
DA:15,0
DA:18,0
DA:19,0
DA:20,0
DA:22,0
DA:24,0
DA:34,0
DA:36,0
DA:37,0
DA:38,0
DA:42,0
DA:44,0
DA:45,0
DA:46,0
DA:49,0
DA:60,0
DA:62,0
DA:63,0
DA:64,0
DA:67,0
DA:68,0
DA:79,0
DA:80,0
DA:82,0
DA:83,0
DA:89,0
DA:90,0
DA:92,0
DA:93,0
DA:94,0
DA:97,0
DA:103,0
DA:105,0
DA:106,0
DA:109,0
DA:110,0
DA:114,0
DA:119,0
DA:120,0
DA:126,0
LF:44
LH:0
BRDA:13,0,0,0
BRDA:13,0,1,0
BRDA:18,1,0,0
BRDA:18,1,1,0
BRDA:22,2,0,0
BRDA:22,2,1,0
BRDA:36,3,0,0
BRDA:36,3,1,0
BRDA:44,4,0,0
BRDA:44,4,1,0
BRDA:58,5,0,0
BRDA:62,6,0,0
BRDA:62,6,1,0
BRDA:92,7,0,0
BRDA:92,7,1,0
BRDA:105,8,0,0
BRDA:105,8,1,0
BRF:17
BRH:0
end_of_record
TN:
SF:services\notifications.ts
FN:11,(anonymous_0)
FN:20,registerForPushNotificationsAsync
FN:56,scheduleLessonReminder
FN:87,cancelLessonReminder
FN:92,cancelAllReminders
FN:97,addNotificationResponseListener
FN:104,sendTestNotification
FNF:7
FNH:0
FNDA:0,(anonymous_0)
FNDA:0,registerForPushNotificationsAsync
FNDA:0,scheduleLessonReminder
FNDA:0,cancelLessonReminder
FNDA:0,cancelAllReminders
FNDA:0,addNotificationResponseListener
FNDA:0,sendTestNotification
DA:10,0
DA:11,0
DA:23,0
DA:24,0
DA:32,0
DA:33,0
DA:34,0
DA:36,0
DA:37,0
DA:38,0
DA:41,0
DA:42,0
DA:43,0
DA:46,0
DA:47,0
DA:49,0
DA:52,0
DA:62,0
DA:64,0
DA:65,0
DA:66,0
DA:69,0
DA:82,0
DA:83,0
DA:88,0
DA:93,0
DA:100,0
DA:105,0
LF:28
LH:0
BRDA:23,0,0,0
BRDA:23,0,1,0
BRDA:32,1,0,0
BRDA:32,1,1,0
BRDA:36,2,0,0
BRDA:36,2,1,0
BRDA:41,3,0,0
BRDA:41,3,1,0
BRDA:64,4,0,0
BRDA:64,4,1,0
BRF:10
BRH:0
end_of_record
TN:
SF:services\reportService.ts
FN:27,generateReport
FN:72,buildPrompt
FN:103,parseReportResponse
FN:123,generateDemoReport
FN:162,formatReportForParent
FN:177,(anonymous_5)
FN:180,(anonymous_6)
FN:194,saveReport
FNF:8
FNH:0
FNDA:0,generateReport
FNDA:0,buildPrompt
FNDA:0,parseReportResponse
FNDA:0,generateDemoReport
FNDA:0,formatReportForParent
FNDA:0,(anonymous_5)
FNDA:0,(anonymous_6)
FNDA:0,saveReport
DA:8,0
DA:9,0
DA:29,0
DA:30,0
DA:31,0
DA:34,0
DA:35,0
DA:37,0
DA:53,0
DA:54,0
DA:57,0
DA:58,0
DA:60,0
DA:61,0
DA:64,0
DA:66,0
DA:67,0
DA:73,0
DA:104,0
DA:106,0
DA:107,0
DA:108,0
DA:110,0
DA:112,0
DA:113,0
DA:124,0
DA:151,0
DA:163,0
DA:169,0
DA:177,0
DA:180,0
DA:195,0
DA:203,0
DA:204,0
DA:205,0
LF:35
LH:0
BRDA:8,0,0,0
BRDA:8,0,1,0
BRDA:29,1,0,0
BRDA:29,1,1,0
BRDA:53,2,0,0
BRDA:53,2,1,0
BRDA:60,3,0,0
BRDA:60,3,1,0
BRDA:83,4,0,0
BRDA:83,4,1,0
BRDA:84,5,0,0
BRDA:84,5,1,0
BRDA:107,6,0,0
BRDA:107,6,1,0
BRDA:151,7,0,0
BRDA:151,7,1,0
BRDA:183,8,0,0
BRDA:183,8,1,0
BRDA:186,9,0,0
BRDA:186,9,1,0
BRDA:203,10,0,0
BRDA:203,10,1,0
BRF:22
BRH:0
end_of_record
TN:
SF:supabase\functions\google-auth\index.ts
FN:19,(anonymous_0)
FN:65,exchangeCodeForTokens
FN:91,refreshAccessToken
FNF:3
FNH:0
FNDA:0,(anonymous_0)
FNDA:0,exchangeCodeForTokens
FNDA:0,refreshAccessToken
DA:8,0
DA:19,0
DA:20,0
DA:21,0
DA:24,0
DA:25,0
DA:27,0
DA:28,0
DA:30,0
DA:31,0
DA:39,0
DA:41,0
DA:42,0
DA:44,0
DA:46,0
DA:52,0
DA:57,0
DA:58,0
DA:71,0
DA:83,0
DA:84,0
DA:85,0
DA:88,0
DA:96,0
DA:107,0
DA:108,0
DA:109,0
DA:112,0
LF:28
LH:0
BRDA:20,0,0,0
BRDA:20,0,1,0
BRDA:30,1,0,0
BRDA:30,1,1,0
BRDA:30,2,0,0
BRDA:30,2,1,0
BRDA:39,3,0,0
BRDA:39,3,1,0
BRDA:39,4,0,0
BRDA:39,4,1,0
BRDA:42,5,0,0
BRDA:42,5,1,0
BRDA:83,6,0,0
BRDA:83,6,1,0
BRDA:107,7,0,0
BRDA:107,7,1,0
BRF:16
BRH:0
end_of_record
TN:
SF:supabase\functions\recall-bot\index.ts
FN:24,(anonymous_0)
FNF:1
FNH:0
FNDA:0,(anonymous_0)
DA:9,0
DA:14,0
DA:15,0
DA:24,0
DA:25,0
DA:26,0
DA:29,0
DA:30,0
DA:32,0
DA:33,0
DA:40,0
DA:41,0
DA:42,0
DA:48,0
DA:50,0
DA:61,0
DA:84,0
DA:85,0
DA:86,0
DA:89,0
DA:92,0
DA:93,0
DA:98,0
DA:108,0
DA:118,0
DA:119,0
LF:26
LH:0
BRDA:25,0,0,0
BRDA:25,0,1,0
BRDA:32,1,0,0
BRDA:32,1,1,0
BRDA:41,2,0,0
BRDA:41,2,1,0
BRDA:48,3,0,0
BRDA:48,3,1,0
BRDA:69,4,0,0
BRDA:69,4,1,0
BRDA:80,5,0,0
BRDA:80,5,1,0
BRDA:84,6,0,0
BRDA:84,6,1,0
BRDA:92,7,0,0
BRDA:92,7,1,0
BRDA:94,8,0,0
BRDA:94,8,1,0
BRDA:95,9,0,0
BRDA:95,9,1,0
BRF:20
BRH:0
end_of_record
TN:
SF:supabase\functions\recall-webhook\index.ts
FN:39,(anonymous_0)
FN:69,(anonymous_1)
FN:145,generateAIReport
FN:204,getDemoReport
FN:216,formatReportForParent
FN:223,(anonymous_5)
FN:226,(anonymous_6)
FN:229,(anonymous_7)
FN:241,sendToParent
FNF:9
FNH:0
FNDA:0,(anonymous_0)
FNDA:0,(anonymous_1)
FNDA:0,generateAIReport
FNDA:0,getDemoReport
FNDA:0,formatReportForParent
FNDA:0,(anonymous_5)
FNDA:0,(anonymous_6)
FNDA:0,(anonymous_7)
FNDA:0,sendToParent
DA:9,0
DA:14,0
DA:15,0
DA:39,0
DA:40,0
DA:41,0
DA:44,0
DA:45,0
DA:46,0
DA:49,0
DA:50,0
DA:55,0
DA:56,0
DA:57,0
DA:59,0
DA:60,0
DA:61,0
DA:68,0
DA:69,0
DA:73,0
DA:76,0
DA:82,0
DA:83,0
DA:93,0
DA:107,0
DA:108,0
DA:109,0
DA:123,0
DA:124,0
DA:127,0
DA:136,0
DA:137,0
DA:146,0
DA:147,0
DA:150,0
DA:175,0
DA:176,0
DA:188,0
DA:189,0
DA:192,0
DA:193,0
DA:194,0
DA:197,0
DA:200,0
DA:205,0
DA:217,0
DA:223,0
DA:226,0
DA:229,0
DA:242,0
DA:245,0
DA:251,0
DA:254,0
DA:260,0
DA:261,0
DA:262,0
DA:266,0
LF:57
LH:0
BRDA:40,0,0,0
BRDA:40,0,1,0
BRDA:49,1,0,0
BRDA:49,1,1,0
BRDA:59,2,0,0
BRDA:59,2,1,0
BRDA:59,3,0,0
BRDA:59,3,1,0
BRDA:73,4,0,0
BRDA:73,4,1,0
BRDA:77,5,0,0
BRDA:77,5,1,0
BRDA:78,6,0,0
BRDA:78,6,1,0
BRDA:82,7,0,0
BRDA:82,7,1,0
BRDA:100,8,0,0
BRDA:100,8,1,0
BRDA:107,9,0,0
BRDA:107,9,1,0
BRDA:107,10,0,0
BRDA:107,10,1,0
BRDA:107,10,2,0
BRDA:115,11,0,0
BRDA:115,11,1,0
BRDA:123,12,0,0
BRDA:123,12,1,0
BRDA:146,13,0,0
BRDA:146,13,1,0
BRDA:189,14,0,0
BRDA:189,14,1,0
BRDA:193,15,0,0
BRDA:193,15,1,0
BRDA:232,16,0,0
BRDA:232,16,1,0
BRDA:235,17,0,0
BRDA:235,17,1,0
BRDA:242,18,0,0
BRDA:242,18,1,0
BRDA:251,19,0,0
BRDA:251,19,1,0
BRDA:260,20,0,0
BRDA:260,20,1,0
BRDA:260,21,0,0
BRDA:260,21,1,0
BRDA:268,22,0,0
BRDA:268,22,1,0
BRDA:269,23,0,0
BRDA:269,23,1,0
BRF:49
BRH:0
end_of_record
TN:
SF:supabase\functions\send-notification\index.ts
FN:20,(anonymous_0)
FN:66,sendSMS
FN:99,sendEmail
FN:133,sendKakao
FNF:4
FNH:0
FNDA:0,(anonymous_0)
FNDA:0,sendSMS
FNDA:0,sendEmail
FNDA:0,sendKakao
DA:8,0
DA:20,0
DA:22,0
DA:23,0
DA:26,0
DA:27,0
DA:29,0
DA:30,0
DA:38,0
DA:40,0
DA:41,0
DA:43,0
DA:44,0
DA:46,0
DA:47,0
DA:49,0
DA:52,0
DA:57,0
DA:58,0
DA:67,0
DA:68,0
DA:69,0
DA:71,0
DA:72,0
DA:73,0
DA:76,0
DA:77,0
DA:78,0
DA:79,0
DA:80,0
DA:81,0
DA:82,0
DA:84,0
DA:89,0
DA:91,0
DA:92,0
DA:95,0
DA:100,0
DA:101,0
DA:103,0
DA:104,0
DA:105,0
DA:108,0
DA:125,0
DA:126,0
DA:129,0
DA:135,0
DA:136,0
LF:48
LH:0
BRDA:22,0,0,0
BRDA:22,0,1,0
BRDA:29,1,0,0
BRDA:29,1,1,0
BRDA:29,2,0,0
BRDA:29,2,1,0
BRDA:29,2,2,0
BRDA:38,3,0,0
BRDA:38,3,1,0
BRDA:38,3,2,0
BRDA:38,3,3,0
BRDA:71,4,0,0
BRDA:71,4,1,0
BRDA:71,5,0,0
BRDA:71,5,1,0
BRDA:71,5,2,0
BRDA:91,6,0,0
BRDA:91,6,1,0
BRDA:92,7,0,0
BRDA:92,7,1,0
BRDA:101,8,0,0
BRDA:101,8,1,0
BRDA:103,9,0,0
BRDA:103,9,1,0
BRDA:125,10,0,0
BRDA:125,10,1,0
BRDA:129,11,0,0
BRDA:129,11,1,0
BRF:28
BRH:0
end_of_record
